(node:29664) [MODULE_TYPELESS_PACKAGE_JSON] Warning: Module type of file:///C:/Users/William/OneDrive/Desktop/hashcash/hcash-roi/lib/rpc-failover.js is not specified and it doesn't parse as CommonJS.
Reparsing as ES module because module syntax was detected. This incurs a performance overhead.
To eliminate this warning, add "type": "module" to C:\Users\William\OneDrive\Desktop\hashcash\hcash-roi\package.json.
(Use `node --trace-warnings ...` to show where the warning was created)
[scan] --full requested; checkpoint cleared, starting from gameStart()
[1.6s] boot: scanning blocks 77832296–84707440 (game started at 77832296, entry cost 2 AVAX)
[28.1s] chunk 3/3438 · block 77838295 · 2 wallets · 2 events
[31.2s] chunk 6/3438 · block 77844295 · 38 wallets · 43 events
[34.0s] chunk 9/3438 · block 77850295 · 51 wallets · 61 events
[38.2s] chunk 12/3438 · block 77856295 · 57 wallets · 72 events
[41.6s] chunk 15/3438 · block 77862295 · 64 wallets · 92 events
[72.7s] chunk 18/3438 · block 77868295 · 68 wallets · 105 events
[75.7s] chunk 21/3438 · block 77874295 · 71 wallets · 111 events
[79.0s] chunk 24/3438 · block 77880295 · 75 wallets · 117 events
[82.7s] chunk 27/3438 · block 77886295 · 78 wallets · 131 events
[86.6s] chunk 30/3438 · block 77892295 · 80 wallets · 138 events
[110.3s] chunk 33/3438 · block 77898295 · 84 wallets · 154 events
[115.0s] chunk 36/3438 · block 77904295 · 89 wallets · 163 events
[118.7s] chunk 39/3438 · block 77910295 · 90 wallets · 169 events
[122.0s] chunk 42/3438 · block 77916295 · 94 wallets · 295 events
[125.5s] chunk 45/3438 · block 77922295 · 102 wallets · 382 events
[129.6s] chunk 48/3438 · block 77928295 · 104 wallets · 398 events
[132.5s] chunk 51/3438 · block 77934295 · 105 wallets · 406 events
[134.9s] chunk 54/3438 · block 77940295 · 105 wallets · 408 events
[152.1s] chunk 57/3438 · block 77946295 · 105 wallets · 408 events
[155.7s] chunk 60/3438 · block 77952295 · 106 wallets · 413 events
[160.3s] chunk 63/3438 · block 77958295 · 108 wallets · 423 events
[164.2s] chunk 66/3438 · block 77964295 · 109 wallets · 427 events
[167.4s] chunk 69/3438 · block 77970295 · 109 wallets · 433 events
[171.6s] chunk 72/3438 · block 77976295 · 111 wallets · 444 events
[175.4s] chunk 75/3438 · block 77982295 · 112 wallets · 448 events
[208.4s] chunk 78/3438 · block 77988295 · 113 wallets · 452 events
[211.9s] chunk 81/3438 · block 77994295 · 114 wallets · 502 events
[214.9s] chunk 84/3438 · block 78000295 · 117 wallets · 620 events
[218.0s] chunk 87/3438 · block 78006295 · 117 wallets · 624 events
[221.4s] chunk 90/3438 · block 78012295 · 122 wallets · 640 events
[225.3s] chunk 93/3438 · block 78018295 · 123 wallets · 643 events
[228.7s] chunk 96/3438 · block 78024295 · 124 wallets · 647 events
[231.9s] chunk 99/3438 · block 78030295 · 124 wallets · 648 events
[236.0s] chunk 102/3438 · block 78036295 · 125 wallets · 649 events
[239.2s] chunk 105/3438 · block 78042295 · 125 wallets · 649 events
[242.6s] chunk 108/3438 · block 78048295 · 125 wallets · 652 events
[245.3s] chunk 111/3438 · block 78054295 · 125 wallets · 652 events
[248.7s] chunk 114/3438 · block 78060295 · 126 wallets · 653 events
[252.5s] chunk 117/3438 · block 78066295 · 132 wallets · 763 events
[256.4s] chunk 120/3438 · block 78072295 · 137 wallets · 777 events
[260.2s] chunk 123/3438 · block 78078295 · 142 wallets · 948 events
[264.1s] chunk 126/3438 · block 78084295 · 148 wallets · 975 events
[268.9s] chunk 129/3438 · block 78090295 · 152 wallets · 996 events
[273.4s] chunk 132/3438 · block 78096295 · 155 wallets · 1001 events
[276.0s] chunk 135/3438 · block 78102295 · 157 wallets · 1009 events
[279.5s] chunk 138/3438 · block 78108295 · 157 wallets · 1020 events
[281.9s] chunk 141/3438 · block 78114295 · 158 wallets · 1023 events
[285.2s] chunk 144/3438 · block 78120295 · 159 wallets · 1030 events
[287.9s] chunk 147/3438 · block 78126295 · 159 wallets · 1030 events
[290.1s] chunk 150/3438 · block 78132295 · 160 wallets · 1033 events
[293.6s] chunk 153/3438 · block 78138295 · 161 wallets · 1080 events
[298.7s] chunk 156/3438 · block 78144295 · 167 wallets · 1244 events
[303.4s] chunk 159/3438 · block 78150295 · 177 wallets · 1285 events
[307.7s] chunk 162/3438 · block 78156295 · 180 wallets · 1328 events
[311.6s] chunk 165/3438 · block 78162295 · 188 wallets · 1375 events
[315.9s] chunk 168/3438 · block 78168295 · 194 wallets · 1431 events
[319.4s] chunk 171/3438 · block 78174295 · 196 wallets · 1447 events
[323.5s] chunk 174/3438 · block 78180295 · 200 wallets · 1462 events
[327.4s] chunk 177/3438 · block 78186295 · 204 wallets · 1499 events
[331.1s] chunk 180/3438 · block 78192295 · 207 wallets · 1513 events
[335.5s] chunk 183/3438 · block 78198295 · 212 wallets · 1529 events
[338.7s] chunk 186/3438 · block 78204295 · 216 wallets · 1542 events
[342.4s] chunk 189/3438 · block 78210295 · 221 wallets · 1565 events
[346.2s] chunk 192/3438 · block 78216295 · 228 wallets · 1583 events
[349.5s] chunk 195/3438 · block 78222295 · 233 wallets · 1602 events
[353.3s] chunk 198/3438 · block 78228295 · 238 wallets · 1635 events
[357.9s] chunk 201/3438 · block 78234295 · 245 wallets · 1728 events
[362.1s] chunk 204/3438 · block 78240295 · 256 wallets · 1761 events
[366.4s] chunk 207/3438 · block 78246295 · 276 wallets · 1820 events
[370.6s] chunk 210/3438 · block 78252295 · 290 wallets · 1860 events
[383.6s] chunk 213/3438 · block 78258295 · 303 wallets · 1896 events
[387.5s] chunk 216/3438 · block 78264295 · 313 wallets · 1924 events
[392.5s] chunk 219/3438 · block 78270295 · 326 wallets · 2020 events
[396.7s] chunk 222/3438 · block 78276295 · 330 wallets · 2040 events
[400.4s] chunk 225/3438 · block 78282295 · 334 wallets · 2062 events
[403.6s] chunk 228/3438 · block 78288295 · 342 wallets · 2091 events
[407.2s] chunk 231/3438 · block 78294295 · 353 wallets · 2136 events
[411.0s] chunk 234/3438 · block 78300295 · 358 wallets · 2161 events
[415.3s] chunk 237/3438 · block 78306295 · 361 wallets · 2180 events
[418.7s] chunk 240/3438 · block 78312295 · 362 wallets · 2188 events
[422.8s] chunk 243/3438 · block 78318295 · 367 wallets · 2210 events
[428.0s] chunk 246/3438 · block 78324295 · 371 wallets · 2329 events
[432.0s] chunk 249/3438 · block 78330295 · 377 wallets · 2372 events
[435.2s] chunk 252/3438 · block 78336295 · 383 wallets · 2416 events
[439.9s] chunk 255/3438 · block 78342295 · 387 wallets · 2438 events
[444.4s] chunk 258/3438 · block 78348295 · 390 wallets · 2452 events
[447.9s] chunk 261/3438 · block 78354295 · 391 wallets · 2464 events
[451.4s] chunk 264/3438 · block 78360295 · 393 wallets · 2470 events
[454.9s] chunk 267/3438 · block 78366295 · 393 wallets · 2479 events
[468.8s] chunk 270/3438 · block 78372295 · 394 wallets · 2488 events
[473.1s] chunk 273/3438 · block 78378295 · 396 wallets · 2495 events
[477.7s] chunk 276/3438 · block 78384295 · 398 wallets · 2514 events
[481.5s] chunk 279/3438 · block 78390295 · 399 wallets · 2534 events
[485.6s] chunk 282/3438 · block 78396295 · 402 wallets · 2558 events
[488.9s] chunk 285/3438 · block 78402295 · 402 wallets · 2562 events
[493.0s] chunk 288/3438 · block 78408295 · 407 wallets · 2596 events
[505.2s] chunk 291/3438 · block 78414295 · 409 wallets · 2619 events
[509.5s] chunk 294/3438 · block 78420295 · 411 wallets · 2627 events
[513.2s] chunk 297/3438 · block 78426295 · 413 wallets · 2637 events
[515.9s] chunk 300/3438 · block 78432295 · 413 wallets · 2640 events
[533.7s] chunk 303/3438 · block 78438295 · 415 wallets · 2662 events
[537.1s] chunk 306/3438 · block 78444295 · 417 wallets · 2668 events
[566.5s] chunk 309/3438 · block 78450295 · 417 wallets · 2674 events
[570.1s] chunk 312/3438 · block 78456295 · 417 wallets · 2679 events
[574.6s] chunk 315/3438 · block 78462295 · 418 wallets · 2693 events
[578.6s] chunk 318/3438 · block 78468295 · 418 wallets · 2695 events
[609.9s] chunk 321/3438 · block 78474295 · 418 wallets · 2699 events
[613.3s] chunk 324/3438 · block 78480295 · 419 wallets · 2702 events
[616.5s] chunk 327/3438 · block 78486295 · 422 wallets · 2735 events
[619.5s] chunk 330/3438 · block 78492295 · 428 wallets · 2778 events
[622.4s] chunk 333/3438 · block 78498295 · 428 wallets · 2786 events
[625.0s] chunk 336/3438 · block 78504295 · 428 wallets · 2792 events
[646.0s] chunk 339/3438 · block 78510295 · 428 wallets · 2819 events
[649.6s] chunk 342/3438 · block 78516295 · 432 wallets · 2847 events
[653.2s] chunk 345/3438 · block 78522295 · 433 wallets · 2863 events
[657.5s] chunk 348/3438 · block 78528295 · 434 wallets · 2872 events
[685.8s] chunk 351/3438 · block 78534295 · 437 wallets · 2886 events
[690.7s] chunk 354/3438 · block 78540295 · 438 wallets · 2898 events
[694.8s] chunk 357/3438 · block 78546295 · 440 wallets · 2910 events
[698.3s] chunk 360/3438 · block 78552295 · 440 wallets · 2920 events
[702.0s] chunk 363/3438 · block 78558295 · 441 wallets · 2926 events
[705.8s] chunk 366/3438 · block 78564295 · 442 wallets · 2939 events
[709.0s] chunk 369/3438 · block 78570295 · 442 wallets · 2942 events
[712.4s] chunk 372/3438 · block 78576295 · 443 wallets · 2949 events
[716.7s] chunk 375/3438 · block 78582295 · 446 wallets · 2990 events
[741.6s] chunk 378/3438 · block 78588295 · 447 wallets · 2994 events
[745.0s] chunk 381/3438 · block 78594295 · 447 wallets · 3000 events
[748.0s] chunk 384/3438 · block 78600295 · 447 wallets · 3005 events
[751.4s] chunk 387/3438 · block 78606295 · 449 wallets · 3009 events
[754.7s] chunk 390/3438 · block 78612295 · 449 wallets · 3012 events
[758.2s] chunk 393/3438 · block 78618295 · 449 wallets · 3013 events
[761.4s] chunk 396/3438 · block 78624295 · 450 wallets · 3017 events
[766.0s] chunk 399/3438 · block 78630295 · 450 wallets · 3021 events
[770.0s] chunk 402/3438 · block 78636295 · 451 wallets · 3031 events
[781.5s] chunk 405/3438 · block 78642295 · 454 wallets · 3038 events
[785.4s] chunk 408/3438 · block 78648295 · 454 wallets · 3050 events
[789.1s] chunk 411/3438 · block 78654295 · 454 wallets · 3053 events
[793.3s] chunk 414/3438 · block 78660295 · 455 wallets · 3063 events
[797.5s] chunk 417/3438 · block 78666295 · 455 wallets · 3067 events
[801.2s] chunk 420/3438 · block 78672295 · 457 wallets · 3093 events
[805.2s] chunk 423/3438 · block 78678295 · 458 wallets · 3097 events
[807.9s] chunk 426/3438 · block 78684295 · 458 wallets · 3100 events
[811.0s] chunk 429/3438 · block 78690295 · 458 wallets · 3104 events
[814.0s] chunk 432/3438 · block 78696295 · 458 wallets · 3104 events
[818.1s] chunk 435/3438 · block 78702295 · 459 wallets · 3111 events
[820.7s] chunk 438/3438 · block 78708295 · 459 wallets · 3113 events
[823.9s] chunk 441/3438 · block 78714295 · 459 wallets · 3113 events
[827.1s] chunk 444/3438 · block 78720295 · 459 wallets · 3114 events
[829.8s] chunk 447/3438 · block 78726295 · 460 wallets · 3117 events
[833.6s] chunk 450/3438 · block 78732295 · 463 wallets · 3121 events
[837.5s] chunk 453/3438 · block 78738295 · 465 wallets · 3132 events
[841.1s] chunk 456/3438 · block 78744295 · 465 wallets · 3133 events
[844.5s] chunk 459/3438 · block 78750295 · 466 wallets · 3138 events
[847.5s] chunk 462/3438 · block 78756295 · 466 wallets · 3139 events
[851.7s] chunk 465/3438 · block 78762295 · 466 wallets · 3148 events
[855.5s] chunk 468/3438 · block 78768295 · 466 wallets · 3154 events
[858.7s] chunk 471/3438 · block 78774295 · 466 wallets · 3154 events
[863.4s] chunk 474/3438 · block 78780295 · 466 wallets · 3159 events
[867.4s] chunk 477/3438 · block 78786295 · 467 wallets · 3164 events
[870.8s] chunk 480/3438 · block 78792295 · 468 wallets · 3166 events
[875.4s] chunk 483/3438 · block 78798295 · 468 wallets · 3169 events
[901.8s] chunk 486/3438 · block 78804295 · 468 wallets · 3169 events
[905.6s] chunk 489/3438 · block 78810295 · 468 wallets · 3170 events
[909.3s] chunk 492/3438 · block 78816295 · 470 wallets · 3179 events
[913.0s] chunk 495/3438 · block 78822295 · 470 wallets · 3189 events
[916.4s] chunk 498/3438 · block 78828295 · 470 wallets · 3198 events
[919.1s] chunk 501/3438 · block 78834295 · 470 wallets · 3198 events
[922.5s] chunk 504/3438 · block 78840295 · 470 wallets · 3199 events
[926.8s] chunk 507/3438 · block 78846295 · 470 wallets · 3203 events
[930.6s] chunk 510/3438 · block 78852295 · 471 wallets · 3207 events
[934.1s] chunk 513/3438 · block 78858295 · 471 wallets · 3208 events
[937.7s] chunk 516/3438 · block 78864295 · 471 wallets · 3212 events
[941.1s] chunk 519/3438 · block 78870295 · 471 wallets · 3214 events
[944.5s] chunk 522/3438 · block 78876295 · 471 wallets · 3222 events
[947.4s] chunk 525/3438 · block 78882295 · 471 wallets · 3230 events
[952.9s] chunk 528/3438 · block 78888295 · 471 wallets · 3236 events
[957.0s] chunk 531/3438 · block 78894295 · 471 wallets · 3244 events
[960.6s] chunk 534/3438 · block 78900295 · 471 wallets · 3249 events
[964.0s] chunk 537/3438 · block 78906295 · 472 wallets · 3263 events
[966.0s] chunk 540/3438 · block 78912295 · 472 wallets · 3263 events
[969.3s] chunk 543/3438 · block 78918295 · 472 wallets · 3266 events
[972.0s] chunk 546/3438 · block 78924295 · 472 wallets · 3270 events
[974.3s] chunk 549/3438 · block 78930295 · 472 wallets · 3273 events
[977.8s] chunk 552/3438 · block 78936295 · 472 wallets · 3278 events
[980.4s] chunk 555/3438 · block 78942295 · 472 wallets · 3278 events
[985.2s] chunk 558/3438 · block 78948295 · 473 wallets · 3282 events
[989.5s] chunk 561/3438 · block 78954295 · 473 wallets · 3290 events
[995.4s] chunk 564/3438 · block 78960295 · 473 wallets · 3293 events
[1003.5s] chunk 567/3438 · block 78966295 · 475 wallets · 3300 events
[1010.6s] chunk 570/3438 · block 78972295 · 475 wallets · 3326 events
[1020.8s] chunk 573/3438 · block 78978295 · 477 wallets · 3365 events
[1024.7s] chunk 576/3438 · block 78984295 · 477 wallets · 3387 events
[1029.5s] chunk 579/3438 · block 78990295 · 477 wallets · 3391 events
[1034.1s] chunk 582/3438 · block 78996295 · 479 wallets · 3407 events
[1040.9s] chunk 585/3438 · block 79002295 · 479 wallets · 3411 events
[1047.2s] chunk 588/3438 · block 79008295 · 485 wallets · 3424 events
[1053.4s] chunk 591/3438 · block 79014295 · 485 wallets · 3426 events
[1061.5s] chunk 594/3438 · block 79020295 · 486 wallets · 3439 events
[1071.2s] chunk 597/3438 · block 79026295 · 490 wallets · 3459 events
[1076.1s] chunk 600/3438 · block 79032295 · 492 wallets · 3472 events
[1087.4s] chunk 603/3438 · block 79038295 · 494 wallets · 3478 events
[1090.8s] chunk 606/3438 · block 79044295 · 494 wallets · 3484 events
[1093.6s] chunk 609/3438 · block 79050295 · 494 wallets · 3485 events
[1096.2s] chunk 612/3438 · block 79056295 · 494 wallets · 3491 events
[1101.3s] chunk 615/3438 · block 79062295 · 494 wallets · 3498 events
[1106.3s] chunk 618/3438 · block 79068295 · 494 wallets · 3507 events
[1110.4s] chunk 621/3438 · block 79074295 · 497 wallets · 3532 events
[1114.5s] chunk 624/3438 · block 79080295 · 498 wallets · 3543 events
[1170.2s] WARN: market chunk skipped at 79084296-79086295: Error: all RPC endpoints failed for mkt[79084296-79086295]: missing response for request (value=[ { 
[1171.5s] chunk 627/3438 · block 79086295 · 500 wallets · 3555 events
[1174.7s] chunk 630/3438 · block 79092295 · 501 wallets · 3564 events
[1179.0s] chunk 633/3438 · block 79098295 · 501 wallets · 3575 events
[1192.6s] chunk 636/3438 · block 79104295 · 501 wallets · 3579 events
[1196.5s] chunk 639/3438 · block 79110295 · 502 wallets · 3589 events
[1200.1s] chunk 642/3438 · block 79116295 · 502 wallets · 3590 events
[1202.9s] chunk 645/3438 · block 79122295 · 503 wallets · 3591 events
[1205.7s] chunk 648/3438 · block 79128295 · 503 wallets · 3593 events
[1209.7s] chunk 651/3438 · block 79134295 · 503 wallets · 3596 events
[1213.5s] chunk 654/3438 · block 79140295 · 503 wallets · 3600 events
[1217.4s] chunk 657/3438 · block 79146295 · 510 wallets · 3612 events
[1221.3s] chunk 660/3438 · block 79152295 · 511 wallets · 3616 events
[1225.0s] chunk 663/3438 · block 79158295 · 521 wallets · 3731 events
[1229.1s] chunk 666/3438 · block 79164295 · 530 wallets · 3742 events
[1233.3s] chunk 669/3438 · block 79170295 · 531 wallets · 3746 events
[1237.0s] chunk 672/3438 · block 79176295 · 531 wallets · 3747 events
[1241.7s] chunk 675/3438 · block 79182295 · 532 wallets · 3750 events
[1244.8s] chunk 678/3438 · block 79188295 · 534 wallets · 3752 events
[1248.1s] chunk 681/3438 · block 79194295 · 539 wallets · 3759 events
[1259.2s] chunk 684/3438 · block 79200295 · 539 wallets · 3760 events
[1262.3s] chunk 687/3438 · block 79206295 · 541 wallets · 3766 events
[1264.4s] chunk 690/3438 · block 79212295 · 541 wallets · 3766 events
[1267.1s] chunk 693/3438 · block 79218295 · 542 wallets · 3771 events
[1271.0s] chunk 696/3438 · block 79224295 · 542 wallets · 3773 events
[1274.4s] chunk 699/3438 · block 79230295 · 542 wallets · 3776 events
[1278.3s] chunk 702/3438 · block 79236295 · 542 wallets · 3792 events
[1291.1s] chunk 705/3438 · block 79242295 · 546 wallets · 3865 events
[1295.2s] chunk 708/3438 · block 79248295 · 550 wallets · 3886 events
[1300.0s] chunk 711/3438 · block 79254295 · 554 wallets · 3903 events
[1317.3s] chunk 714/3438 · block 79260295 · 555 wallets · 3905 events
[1320.8s] chunk 717/3438 · block 79266295 · 555 wallets · 3909 events
[1337.4s] chunk 720/3438 · block 79272295 · 557 wallets · 3919 events
[1342.0s] chunk 723/3438 · block 79278295 · 557 wallets · 3926 events
[1346.2s] chunk 726/3438 · block 79284295 · 559 wallets · 3932 events
[1356.9s] chunk 729/3438 · block 79290295 · 559 wallets · 3934 events
[1361.2s] chunk 732/3438 · block 79296295 · 560 wallets · 3940 events
[1365.3s] chunk 735/3438 · block 79302295 · 560 wallets · 3944 events
[1377.5s] chunk 738/3438 · block 79308295 · 561 wallets · 3960 events
[1381.8s] chunk 741/3438 · block 79314295 · 562 wallets · 3979 events
[1386.3s] chunk 744/3438 · block 79320295 · 566 wallets · 4033 events
[1392.7s] chunk 747/3438 · block 79326295 · 568 wallets · 4054 events
[1402.5s] chunk 750/3438 · block 79332295 · 569 wallets · 4067 events
[1426.4s] chunk 753/3438 · block 79338295 · 570 wallets · 4070 events
[1430.3s] chunk 756/3438 · block 79344295 · 570 wallets · 4085 events
[1433.5s] chunk 759/3438 · block 79350295 · 571 wallets · 4093 events
[1436.4s] chunk 762/3438 · block 79356295 · 571 wallets · 4093 events
[1440.7s] chunk 765/3438 · block 79362295 · 571 wallets · 4094 events
[1445.0s] chunk 768/3438 · block 79368295 · 571 wallets · 4098 events
[1448.4s] chunk 771/3438 · block 79374295 · 571 wallets · 4101 events
[1451.4s] chunk 774/3438 · block 79380295 · 574 wallets · 4114 events
[1460.9s] chunk 777/3438 · block 79386295 · 576 wallets · 4121 events
[1467.4s] chunk 780/3438 · block 79392295 · 577 wallets · 4135 events
[1471.3s] chunk 783/3438 · block 79398295 · 577 wallets · 4139 events
[1475.4s] chunk 786/3438 · block 79404295 · 577 wallets · 4140 events
[1480.0s] chunk 789/3438 · block 79410295 · 579 wallets · 4148 events
[1484.6s] chunk 792/3438 · block 79416295 · 580 wallets · 4161 events
[1488.1s] chunk 795/3438 · block 79422295 · 580 wallets · 4162 events
[1492.3s] chunk 798/3438 · block 79428295 · 580 wallets · 4172 events
[1496.4s] chunk 801/3438 · block 79434295 · 582 wallets · 4176 events
[1499.6s] chunk 804/3438 · block 79440295 · 582 wallets · 4176 events
[1502.6s] chunk 807/3438 · block 79446295 · 582 wallets · 4176 events
[1506.3s] chunk 810/3438 · block 79452295 · 582 wallets · 4176 events
[1511.5s] chunk 813/3438 · block 79458295 · 584 wallets · 4185 events
[1515.8s] chunk 816/3438 · block 79464295 · 584 wallets · 4186 events
[1519.8s] chunk 819/3438 · block 79470295 · 585 wallets · 4207 events
[1524.7s] chunk 822/3438 · block 79476295 · 587 wallets · 4218 events
[1529.4s] chunk 825/3438 · block 79482295 · 587 wallets · 4225 events
[1534.7s] chunk 828/3438 · block 79488295 · 595 wallets · 4292 events
[1539.1s] chunk 831/3438 · block 79494295 · 599 wallets · 4301 events
[1543.1s] chunk 834/3438 · block 79500295 · 599 wallets · 4302 events
[1547.3s] chunk 837/3438 · block 79506295 · 599 wallets · 4305 events
[1552.0s] chunk 840/3438 · block 79512295 · 600 wallets · 4332 events
[1556.2s] chunk 843/3438 · block 79518295 · 600 wallets · 4337 events
[1559.8s] chunk 846/3438 · block 79524295 · 601 wallets · 4339 events
[1563.7s] chunk 849/3438 · block 79530295 · 603 wallets · 4344 events
[1567.5s] chunk 852/3438 · block 79536295 · 603 wallets · 4346 events
[1572.0s] chunk 855/3438 · block 79542295 · 603 wallets · 4349 events
[1576.0s] chunk 858/3438 · block 79548295 · 603 wallets · 4350 events
[1579.7s] chunk 861/3438 · block 79554295 · 605 wallets · 4358 events
[1583.8s] chunk 864/3438 · block 79560295 · 605 wallets · 4362 events
[1588.0s] chunk 867/3438 · block 79566295 · 605 wallets · 4364 events
[1591.9s] chunk 870/3438 · block 79572295 · 605 wallets · 4364 events
[1596.5s] chunk 873/3438 · block 79578295 · 605 wallets · 4368 events
[1600.4s] chunk 876/3438 · block 79584295 · 606 wallets · 4370 events
[1604.5s] chunk 879/3438 · block 79590295 · 606 wallets · 4378 events
[1608.9s] chunk 882/3438 · block 79596295 · 607 wallets · 4384 events
[1613.0s] chunk 885/3438 · block 79602295 · 607 wallets · 4389 events
[1617.1s] chunk 888/3438 · block 79608295 · 607 wallets · 4391 events
[1621.9s] chunk 891/3438 · block 79614295 · 607 wallets · 4397 events
[1626.1s] chunk 894/3438 · block 79620295 · 607 wallets · 4399 events
[1630.1s] chunk 897/3438 · block 79626295 · 608 wallets · 4411 events
[1634.9s] chunk 900/3438 · block 79632295 · 610 wallets · 4420 events
[1639.9s] chunk 903/3438 · block 79638295 · 617 wallets · 4481 events
[1644.4s] chunk 906/3438 · block 79644295 · 618 wallets · 4491 events
[1648.9s] chunk 909/3438 · block 79650295 · 620 wallets · 4507 events
[1653.0s] chunk 912/3438 · block 79656295 · 623 wallets · 4522 events
[1657.0s] chunk 915/3438 · block 79662295 · 623 wallets · 4536 events
[1661.5s] chunk 918/3438 · block 79668295 · 626 wallets · 4551 events
[1666.1s] chunk 921/3438 · block 79674295 · 626 wallets · 4555 events
[1670.0s] chunk 924/3438 · block 79680295 · 626 wallets · 4556 events
[1673.8s] chunk 927/3438 · block 79686295 · 627 wallets · 4559 events
[1677.6s] chunk 930/3438 · block 79692295 · 627 wallets · 4559 events
[1681.2s] chunk 933/3438 · block 79698295 · 627 wallets · 4561 events
[1685.4s] chunk 936/3438 · block 79704295 · 627 wallets · 4565 events
[1689.4s] chunk 939/3438 · block 79710295 · 627 wallets · 4565 events
[1693.8s] chunk 942/3438 · block 79716295 · 628 wallets · 4571 events
[1697.6s] chunk 945/3438 · block 79722295 · 628 wallets · 4574 events
[1701.4s] chunk 948/3438 · block 79728295 · 630 wallets · 4578 events
[1705.2s] chunk 951/3438 · block 79734295 · 631 wallets · 4585 events
[1709.8s] chunk 954/3438 · block 79740295 · 632 wallets · 4589 events
[1714.6s] chunk 957/3438 · block 79746295 · 633 wallets · 4593 events
[1718.1s] chunk 960/3438 · block 79752295 · 633 wallets · 4596 events
[1721.8s] chunk 963/3438 · block 79758295 · 633 wallets · 4597 events
[1725.2s] chunk 966/3438 · block 79764295 · 633 wallets · 4599 events
[1729.0s] chunk 969/3438 · block 79770295 · 633 wallets · 4599 events
[1732.6s] chunk 972/3438 · block 79776295 · 633 wallets · 4599 events
[1736.3s] chunk 975/3438 · block 79782295 · 633 wallets · 4602 events
[1739.8s] chunk 978/3438 · block 79788295 · 634 wallets · 4603 events
[1743.5s] chunk 981/3438 · block 79794295 · 634 wallets · 4606 events
[1746.6s] chunk 984/3438 · block 79800295 · 635 wallets · 4608 events
[1751.0s] chunk 987/3438 · block 79806295 · 636 wallets · 4614 events
[1755.8s] chunk 990/3438 · block 79812295 · 637 wallets · 4642 events
[1763.9s] chunk 993/3438 · block 79818295 · 638 wallets · 4656 events
[1768.6s] chunk 996/3438 · block 79824295 · 642 wallets · 4670 events
[1772.4s] chunk 999/3438 · block 79830295 · 642 wallets · 4675 events
[1776.5s] chunk 1002/3438 · block 79836295 · 642 wallets · 4680 events
[1780.8s] chunk 1005/3438 · block 79842295 · 643 wallets · 4685 events
[1784.3s] chunk 1008/3438 · block 79848295 · 643 wallets · 4686 events
[1788.0s] chunk 1011/3438 · block 79854295 · 643 wallets · 4688 events
[1791.8s] chunk 1014/3438 · block 79860295 · 643 wallets · 4688 events
[1796.5s] chunk 1017/3438 · block 79866295 · 643 wallets · 4690 events
[1801.3s] chunk 1020/3438 · block 79872295 · 646 wallets · 4696 events
[1805.2s] chunk 1023/3438 · block 79878295 · 647 wallets · 4700 events
[1809.5s] chunk 1026/3438 · block 79884295 · 647 wallets · 4704 events
[1813.6s] chunk 1029/3438 · block 79890295 · 647 wallets · 4709 events
[1817.1s] chunk 1032/3438 · block 79896295 · 651 wallets · 4721 events
[1821.7s] chunk 1035/3438 · block 79902295 · 651 wallets · 4730 events
[1864.0s] chunk 1038/3438 · block 79908295 · 652 wallets · 4738 events
[1868.0s] chunk 1041/3438 · block 79914295 · 653 wallets · 4741 events
[1872.5s] chunk 1044/3438 · block 79920295 · 653 wallets · 4743 events
[1876.3s] chunk 1047/3438 · block 79926295 · 653 wallets · 4744 events
[1880.2s] chunk 1050/3438 · block 79932295 · 653 wallets · 4744 events
[1884.5s] chunk 1053/3438 · block 79938295 · 653 wallets · 4745 events
[1887.3s] chunk 1056/3438 · block 79944295 · 654 wallets · 4751 events
[1891.3s] chunk 1059/3438 · block 79950295 · 655 wallets · 4756 events
[1894.1s] chunk 1062/3438 · block 79956295 · 655 wallets · 4762 events
[1897.9s] chunk 1065/3438 · block 79962295 · 655 wallets · 4768 events
[1901.8s] chunk 1068/3438 · block 79968295 · 655 wallets · 4769 events
[1905.3s] chunk 1071/3438 · block 79974295 · 656 wallets · 4771 events
[1909.5s] chunk 1074/3438 · block 79980295 · 656 wallets · 4772 events
[1913.3s] chunk 1077/3438 · block 79986295 · 659 wallets · 4778 events
[1917.5s] chunk 1080/3438 · block 79992295 · 661 wallets · 4787 events
[1922.3s] chunk 1083/3438 · block 79998295 · 663 wallets · 4907 events
[1925.9s] chunk 1086/3438 · block 80004295 · 669 wallets · 4946 events
[1928.9s] chunk 1089/3438 · block 80010295 · 669 wallets · 4947 events
[1932.5s] chunk 1092/3438 · block 80016295 · 669 wallets · 4948 events
[1935.7s] chunk 1095/3438 · block 80022295 · 669 wallets · 4954 events
[1939.0s] chunk 1098/3438 · block 80028295 · 669 wallets · 4956 events
[1942.9s] chunk 1101/3438 · block 80034295 · 669 wallets · 4958 events
[1946.2s] chunk 1104/3438 · block 80040295 · 670 wallets · 4963 events
[1949.8s] chunk 1107/3438 · block 80046295 · 670 wallets · 4965 events
[1966.8s] chunk 1110/3438 · block 80052295 · 670 wallets · 4968 events
[1971.6s] chunk 1113/3438 · block 80058295 · 670 wallets · 4971 events
[1975.8s] chunk 1116/3438 · block 80064295 · 670 wallets · 4972 events
[1981.0s] chunk 1119/3438 · block 80070295 · 672 wallets · 5013 events
[1984.3s] chunk 1122/3438 · block 80076295 · 673 wallets · 5016 events
[1987.4s] chunk 1125/3438 · block 80082295 · 673 wallets · 5016 events
[1990.9s] chunk 1128/3438 · block 80088295 · 674 wallets · 5017 events
[1994.8s] chunk 1131/3438 · block 80094295 · 675 wallets · 5020 events
[1998.3s] chunk 1134/3438 · block 80100295 · 675 wallets · 5020 events
[2002.4s] chunk 1137/3438 · block 80106295 · 675 wallets · 5048 events
[2006.9s] chunk 1140/3438 · block 80112295 · 677 wallets · 5058 events
[2010.8s] chunk 1143/3438 · block 80118295 · 680 wallets · 5067 events
[2014.5s] chunk 1146/3438 · block 80124295 · 680 wallets · 5069 events
[2019.4s] chunk 1149/3438 · block 80130295 · 683 wallets · 5076 events
[2023.4s] chunk 1152/3438 · block 80136295 · 684 wallets · 5089 events
[2027.0s] chunk 1155/3438 · block 80142295 · 686 wallets · 5093 events
[2040.8s] chunk 1158/3438 · block 80148295 · 686 wallets · 5098 events
[2045.5s] chunk 1161/3438 · block 80154295 · 688 wallets · 5102 events
[2050.7s] chunk 1164/3438 · block 80160295 · 690 wallets · 5107 events
[2056.3s] chunk 1167/3438 · block 80166295 · 692 wallets · 5117 events
[2061.5s] chunk 1170/3438 · block 80172295 · 693 wallets · 5122 events
[2065.7s] chunk 1173/3438 · block 80178295 · 693 wallets · 5128 events
[2069.7s] chunk 1176/3438 · block 80184295 · 693 wallets · 5128 events
[2072.7s] chunk 1179/3438 · block 80190295 · 693 wallets · 5128 events
[2076.7s] chunk 1182/3438 · block 80196295 · 693 wallets · 5129 events
[2081.0s] chunk 1185/3438 · block 80202295 · 693 wallets · 5129 events
[2130.2s] chunk 1188/3438 · block 80208295 · 693 wallets · 5133 events
[2133.8s] chunk 1191/3438 · block 80214295 · 693 wallets · 5136 events
[2138.3s] chunk 1194/3438 · block 80220295 · 693 wallets · 5140 events
[2143.0s] chunk 1197/3438 · block 80226295 · 694 wallets · 5141 events
[2148.1s] chunk 1200/3438 · block 80232295 · 694 wallets · 5141 events
[2153.0s] chunk 1203/3438 · block 80238295 · 694 wallets · 5141 events
[2158.4s] chunk 1206/3438 · block 80244295 · 694 wallets · 5144 events
[2164.2s] chunk 1209/3438 · block 80250295 · 694 wallets · 5144 events
[2169.4s] chunk 1212/3438 · block 80256295 · 694 wallets · 5148 events
[2173.8s] chunk 1215/3438 · block 80262295 · 695 wallets · 5161 events
[2178.6s] chunk 1218/3438 · block 80268295 · 700 wallets · 5170 events
[2182.2s] chunk 1221/3438 · block 80274295 · 701 wallets · 5182 events
[2186.1s] chunk 1224/3438 · block 80280295 · 702 wallets · 5184 events
[2189.9s] chunk 1227/3438 · block 80286295 · 702 wallets · 5184 events
[2195.3s] chunk 1230/3438 · block 80292295 · 702 wallets · 5195 events
[2201.0s] chunk 1233/3438 · block 80298295 · 702 wallets · 5200 events
[2204.6s] chunk 1236/3438 · block 80304295 · 702 wallets · 5201 events
[2207.9s] chunk 1239/3438 · block 80310295 · 702 wallets · 5203 events
[2211.1s] chunk 1242/3438 · block 80316295 · 702 wallets · 5203 events
[2214.5s] chunk 1245/3438 · block 80322295 · 702 wallets · 5205 events
[2217.8s] chunk 1248/3438 · block 80328295 · 702 wallets · 5205 events
[2220.4s] chunk 1251/3438 · block 80334295 · 702 wallets · 5206 events
[2224.4s] chunk 1254/3438 · block 80340295 · 702 wallets · 5206 events
[2228.2s] chunk 1257/3438 · block 80346295 · 702 wallets · 5208 events
[2231.4s] chunk 1260/3438 · block 80352295 · 702 wallets · 5208 events
[2233.9s] chunk 1263/3438 · block 80358295 · 703 wallets · 5209 events
[2237.3s] chunk 1266/3438 · block 80364295 · 703 wallets · 5211 events
[2240.7s] chunk 1269/3438 · block 80370295 · 703 wallets · 5213 events
[2244.2s] chunk 1272/3438 · block 80376295 · 703 wallets · 5217 events
[2247.2s] chunk 1275/3438 · block 80382295 · 703 wallets · 5217 events
[2250.5s] chunk 1278/3438 · block 80388295 · 703 wallets · 5218 events
[2253.9s] chunk 1281/3438 · block 80394295 · 703 wallets · 5219 events
[2257.3s] chunk 1284/3438 · block 80400295 · 703 wallets · 5220 events
[2260.1s] chunk 1287/3438 · block 80406295 · 703 wallets · 5221 events
[2262.8s] chunk 1290/3438 · block 80412295 · 703 wallets · 5247 events
[2265.8s] chunk 1293/3438 · block 80418295 · 704 wallets · 5277 events
[2269.8s] chunk 1296/3438 · block 80424295 · 705 wallets · 5310 events
[2273.5s] chunk 1299/3438 · block 80430295 · 710 wallets · 5408 events
[2276.6s] chunk 1302/3438 · block 80436295 · 710 wallets · 5441 events
[2280.9s] chunk 1305/3438 · block 80442295 · 713 wallets · 5539 events
[2284.2s] chunk 1308/3438 · block 80448295 · 716 wallets · 5577 events
[2288.0s] chunk 1311/3438 · block 80454295 · 718 wallets · 5603 events
[2292.5s] chunk 1314/3438 · block 80460295 · 719 wallets · 5631 events
[2296.5s] chunk 1317/3438 · block 80466295 · 721 wallets · 5650 events
[2299.7s] chunk 1320/3438 · block 80472295 · 727 wallets · 5747 events
[2302.8s] chunk 1323/3438 · block 80478295 · 727 wallets · 5768 events
[2305.8s] chunk 1326/3438 · block 80484295 · 728 wallets · 5779 events
[2309.4s] chunk 1329/3438 · block 80490295 · 728 wallets · 5782 events
[2312.6s] chunk 1332/3438 · block 80496295 · 729 wallets · 5791 events
[2315.3s] chunk 1335/3438 · block 80502295 · 729 wallets · 5797 events
[2319.3s] chunk 1338/3438 · block 80508295 · 729 wallets · 5798 events
[2323.1s] chunk 1341/3438 · block 80514295 · 729 wallets · 5800 events
[2327.2s] chunk 1344/3438 · block 80520295 · 729 wallets · 5801 events
[2330.8s] chunk 1347/3438 · block 80526295 · 730 wallets · 5803 events
[2334.1s] chunk 1350/3438 · block 80532295 · 730 wallets · 5811 events
[2337.5s] chunk 1353/3438 · block 80538295 · 731 wallets · 5820 events
[2339.8s] chunk 1356/3438 · block 80544295 · 731 wallets · 5820 events
[2342.9s] chunk 1359/3438 · block 80550295 · 731 wallets · 5824 events
[2345.8s] chunk 1362/3438 · block 80556295 · 731 wallets · 5829 events
[2349.1s] chunk 1365/3438 · block 80562295 · 734 wallets · 5838 events
[2352.5s] chunk 1368/3438 · block 80568295 · 735 wallets · 5843 events
[2355.6s] chunk 1371/3438 · block 80574295 · 735 wallets · 5846 events
[2358.3s] chunk 1374/3438 · block 80580295 · 735 wallets · 5846 events
[2361.3s] chunk 1377/3438 · block 80586295 · 735 wallets · 5847 events
[2364.7s] chunk 1380/3438 · block 80592295 · 737 wallets · 5860 events
[2368.0s] chunk 1383/3438 · block 80598295 · 737 wallets · 5862 events
[2371.8s] chunk 1386/3438 · block 80604295 · 737 wallets · 5867 events
[2374.6s] chunk 1389/3438 · block 80610295 · 737 wallets · 5869 events
[2377.6s] chunk 1392/3438 · block 80616295 · 737 wallets · 5872 events
[2380.1s] chunk 1395/3438 · block 80622295 · 737 wallets · 5873 events
[2383.0s] chunk 1398/3438 · block 80628295 · 737 wallets · 5873 events
[2386.4s] chunk 1401/3438 · block 80634295 · 737 wallets · 5873 events
[2390.4s] chunk 1404/3438 · block 80640295 · 737 wallets · 5877 events
[2393.3s] chunk 1407/3438 · block 80646295 · 737 wallets · 5881 events
[2396.2s] chunk 1410/3438 · block 80652295 · 737 wallets · 5882 events
[2399.2s] chunk 1413/3438 · block 80658295 · 737 wallets · 5884 events
[2401.9s] chunk 1416/3438 · block 80664295 · 737 wallets · 5884 events
[2404.6s] chunk 1419/3438 · block 80670295 · 737 wallets · 5887 events
[2407.5s] chunk 1422/3438 · block 80676295 · 737 wallets · 5895 events
[2411.2s] chunk 1425/3438 · block 80682295 · 737 wallets · 5906 events
[2415.4s] chunk 1428/3438 · block 80688295 · 737 wallets · 5916 events
[2419.6s] chunk 1431/3438 · block 80694295 · 737 wallets · 5930 events
[2423.4s] chunk 1434/3438 · block 80700295 · 737 wallets · 5943 events
[2426.3s] chunk 1437/3438 · block 80706295 · 737 wallets · 5944 events
[2429.9s] chunk 1440/3438 · block 80712295 · 737 wallets · 5951 events
[2432.4s] chunk 1443/3438 · block 80718295 · 737 wallets · 5951 events
[2436.0s] chunk 1446/3438 · block 80724295 · 737 wallets · 5951 events
[2439.1s] chunk 1449/3438 · block 80730295 · 737 wallets · 5952 events
[2441.0s] chunk 1452/3438 · block 80736295 · 737 wallets · 5952 events
[2443.9s] chunk 1455/3438 · block 80742295 · 737 wallets · 5953 events
[2446.6s] chunk 1458/3438 · block 80748295 · 737 wallets · 5956 events
[2450.0s] chunk 1461/3438 · block 80754295 · 737 wallets · 5958 events
[2452.6s] chunk 1464/3438 · block 80760295 · 737 wallets · 5960 events
[2455.6s] chunk 1467/3438 · block 80766295 · 737 wallets · 5967 events
[2459.1s] chunk 1470/3438 · block 80772295 · 737 wallets · 5969 events
[2461.6s] chunk 1473/3438 · block 80778295 · 737 wallets · 5971 events
[2464.5s] chunk 1476/3438 · block 80784295 · 737 wallets · 5975 events
[2466.8s] chunk 1479/3438 · block 80790295 · 737 wallets · 5975 events
[2470.7s] chunk 1482/3438 · block 80796295 · 737 wallets · 6065 events
[2474.6s] chunk 1485/3438 · block 80802295 · 737 wallets · 6099 events
[2477.8s] chunk 1488/3438 · block 80808295 · 737 wallets · 6115 events
[2481.2s] chunk 1491/3438 · block 80814295 · 737 wallets · 6118 events
[2484.5s] chunk 1494/3438 · block 80820295 · 737 wallets · 6122 events
[2488.0s] chunk 1497/3438 · block 80826295 · 737 wallets · 6125 events
[2491.8s] chunk 1500/3438 · block 80832295 · 737 wallets · 6128 events
[2495.2s] chunk 1503/3438 · block 80838295 · 737 wallets · 6129 events
[2498.3s] chunk 1506/3438 · block 80844295 · 737 wallets · 6130 events
[2501.6s] chunk 1509/3438 · block 80850295 · 737 wallets · 6135 events
[2504.5s] chunk 1512/3438 · block 80856295 · 737 wallets · 6139 events
[2507.8s] chunk 1515/3438 · block 80862295 · 737 wallets · 6142 events
[2510.3s] chunk 1518/3438 · block 80868295 · 737 wallets · 6142 events
[2513.8s] chunk 1521/3438 · block 80874295 · 737 wallets · 6142 events
[2515.9s] chunk 1524/3438 · block 80880295 · 737 wallets · 6142 events
[2518.5s] chunk 1527/3438 · block 80886295 · 737 wallets · 6143 events
[2520.7s] chunk 1530/3438 · block 80892295 · 737 wallets · 6145 events
[2524.3s] chunk 1533/3438 · block 80898295 · 737 wallets · 6146 events
[2527.9s] chunk 1536/3438 · block 80904295 · 737 wallets · 6152 events
[2530.5s] chunk 1539/3438 · block 80910295 · 737 wallets · 6153 events
[2533.3s] chunk 1542/3438 · block 80916295 · 737 wallets · 6154 events
[2537.5s] chunk 1545/3438 · block 80922295 · 737 wallets · 6155 events
[2540.1s] chunk 1548/3438 · block 80928295 · 737 wallets · 6159 events
[2542.4s] chunk 1551/3438 · block 80934295 · 737 wallets · 6159 events
[2544.4s] chunk 1554/3438 · block 80940295 · 737 wallets · 6159 events
[2547.3s] chunk 1557/3438 · block 80946295 · 737 wallets · 6163 events
[2549.8s] chunk 1560/3438 · block 80952295 · 737 wallets · 6163 events
[2552.8s] chunk 1563/3438 · block 80958295 · 737 wallets · 6163 events
[2555.7s] chunk 1566/3438 · block 80964295 · 737 wallets · 6163 events
[2557.9s] chunk 1569/3438 · block 80970295 · 737 wallets · 6163 events
[2560.7s] chunk 1572/3438 · block 80976295 · 737 wallets · 6163 events
[2563.5s] chunk 1575/3438 · block 80982295 · 737 wallets · 6163 events
[2566.4s] chunk 1578/3438 · block 80988295 · 737 wallets · 6163 events
[2568.6s] chunk 1581/3438 · block 80994295 · 737 wallets · 6163 events
[2571.7s] chunk 1584/3438 · block 81000295 · 737 wallets · 6164 events
[2574.7s] chunk 1587/3438 · block 81006295 · 737 wallets · 6164 events
[2577.5s] chunk 1590/3438 · block 81012295 · 737 wallets · 6164 events
[2580.4s] chunk 1593/3438 · block 81018295 · 737 wallets · 6164 events
[2583.1s] chunk 1596/3438 · block 81024295 · 737 wallets · 6165 events
[2585.3s] chunk 1599/3438 · block 81030295 · 737 wallets · 6167 events
[2587.7s] chunk 1602/3438 · block 81036295 · 737 wallets · 6167 events
[2591.4s] chunk 1605/3438 · block 81042295 · 737 wallets · 6198 events
[2595.2s] chunk 1608/3438 · block 81048295 · 737 wallets · 6211 events
[2598.9s] chunk 1611/3438 · block 81054295 · 737 wallets · 6238 events
[2601.9s] chunk 1614/3438 · block 81060295 · 737 wallets · 6248 events
[2605.2s] chunk 1617/3438 · block 81066295 · 737 wallets · 6259 events
[2607.7s] chunk 1620/3438 · block 81072295 · 737 wallets · 6261 events
[2612.2s] chunk 1623/3438 · block 81078295 · 737 wallets · 6281 events
[2616.8s] chunk 1626/3438 · block 81084295 · 737 wallets · 6314 events
[2620.4s] chunk 1629/3438 · block 81090295 · 737 wallets · 6321 events
[2623.6s] chunk 1632/3438 · block 81096295 · 737 wallets · 6343 events
[2626.7s] chunk 1635/3438 · block 81102295 · 737 wallets · 6352 events
[2629.4s] chunk 1638/3438 · block 81108295 · 737 wallets · 6356 events
[2631.6s] chunk 1641/3438 · block 81114295 · 737 wallets · 6360 events
[2634.2s] chunk 1644/3438 · block 81120295 · 737 wallets · 6361 events
[2637.1s] chunk 1647/3438 · block 81126295 · 737 wallets · 6362 events
[2639.6s] chunk 1650/3438 · block 81132295 · 737 wallets · 6362 events
[2642.4s] chunk 1653/3438 · block 81138295 · 737 wallets · 6368 events
[2644.8s] chunk 1656/3438 · block 81144295 · 737 wallets · 6370 events
[2648.0s] chunk 1659/3438 · block 81150295 · 737 wallets · 6370 events
[2650.4s] chunk 1662/3438 · block 81156295 · 737 wallets · 6370 events
[2652.8s] chunk 1665/3438 · block 81162295 · 737 wallets · 6370 events
[2655.9s] chunk 1668/3438 · block 81168295 · 737 wallets · 6379 events
[2659.1s] chunk 1671/3438 · block 81174295 · 737 wallets · 6389 events
[2662.6s] chunk 1674/3438 · block 81180295 · 737 wallets · 6401 events
[2665.4s] chunk 1677/3438 · block 81186295 · 737 wallets · 6407 events
[2668.7s] chunk 1680/3438 · block 81192295 · 737 wallets · 6417 events
[2672.1s] chunk 1683/3438 · block 81198295 · 737 wallets · 6429 events
[2675.6s] chunk 1686/3438 · block 81204295 · 738 wallets · 6463 events
[2679.6s] chunk 1689/3438 · block 81210295 · 738 wallets · 6488 events
[2682.3s] chunk 1692/3438 · block 81216295 · 738 wallets · 6491 events
[2685.5s] chunk 1695/3438 · block 81222295 · 738 wallets · 6495 events
[2688.6s] chunk 1698/3438 · block 81228295 · 738 wallets · 6500 events
[2691.7s] chunk 1701/3438 · block 81234295 · 738 wallets · 6509 events
[2694.6s] chunk 1704/3438 · block 81240295 · 738 wallets · 6514 events
[2697.6s] chunk 1707/3438 · block 81246295 · 738 wallets · 6520 events
[2700.5s] chunk 1710/3438 · block 81252295 · 738 wallets · 6524 events
[2703.1s] chunk 1713/3438 · block 81258295 · 738 wallets · 6526 events
[2706.1s] chunk 1716/3438 · block 81264295 · 738 wallets · 6526 events
[2709.8s] chunk 1719/3438 · block 81270295 · 738 wallets · 6526 events
[2713.3s] chunk 1722/3438 · block 81276295 · 738 wallets · 6529 events
[2717.2s] chunk 1725/3438 · block 81282295 · 738 wallets · 6531 events
[2721.0s] chunk 1728/3438 · block 81288295 · 738 wallets · 6532 events
[2724.0s] chunk 1731/3438 · block 81294295 · 738 wallets · 6533 events
[2726.5s] chunk 1734/3438 · block 81300295 · 738 wallets · 6533 events
[2729.4s] chunk 1737/3438 · block 81306295 · 739 wallets · 6537 events
[2733.0s] chunk 1740/3438 · block 81312295 · 739 wallets · 6537 events
[2736.0s] chunk 1743/3438 · block 81318295 · 739 wallets · 6541 events
[2739.0s] chunk 1746/3438 · block 81324295 · 739 wallets · 6542 events
[2741.2s] chunk 1749/3438 · block 81330295 · 739 wallets · 6542 events
[2743.5s] chunk 1752/3438 · block 81336295 · 739 wallets · 6545 events
[2746.6s] chunk 1755/3438 · block 81342295 · 739 wallets · 6547 events
[2749.0s] chunk 1758/3438 · block 81348295 · 739 wallets · 6547 events
[2752.3s] chunk 1761/3438 · block 81354295 · 739 wallets · 6549 events
[2754.8s] chunk 1764/3438 · block 81360295 · 739 wallets · 6550 events
[2757.6s] chunk 1767/3438 · block 81366295 · 739 wallets · 6551 events
[2760.2s] chunk 1770/3438 · block 81372295 · 739 wallets · 6553 events
[2762.4s] chunk 1773/3438 · block 81378295 · 739 wallets · 6553 events
[2765.3s] chunk 1776/3438 · block 81384295 · 739 wallets · 6555 events
[2768.0s] chunk 1779/3438 · block 81390295 · 740 wallets · 6556 events
[2770.7s] chunk 1782/3438 · block 81396295 · 740 wallets · 6557 events
[2775.8s] chunk 1785/3438 · block 81402295 · 740 wallets · 6562 events
[2778.7s] chunk 1788/3438 · block 81408295 · 740 wallets · 6562 events
[2782.2s] chunk 1791/3438 · block 81414295 · 740 wallets · 6563 events
[2784.4s] chunk 1794/3438 · block 81420295 · 740 wallets · 6563 events
[2786.8s] chunk 1797/3438 · block 81426295 · 740 wallets · 6563 events
[2790.0s] chunk 1800/3438 · block 81432295 · 740 wallets · 6563 events
[2793.0s] chunk 1803/3438 · block 81438295 · 740 wallets · 6579 events
[2796.1s] chunk 1806/3438 · block 81444295 · 740 wallets · 6590 events
[2799.2s] chunk 1809/3438 · block 81450295 · 741 wallets · 6616 events
[2802.4s] chunk 1812/3438 · block 81456295 · 741 wallets · 6626 events
[2804.9s] chunk 1815/3438 · block 81462295 · 741 wallets · 6642 events
[2807.2s] chunk 1818/3438 · block 81468295 · 743 wallets · 6645 events
[2810.1s] chunk 1821/3438 · block 81474295 · 743 wallets · 6645 events
[2813.3s] chunk 1824/3438 · block 81480295 · 743 wallets · 6647 events
[2816.1s] chunk 1827/3438 · block 81486295 · 743 wallets · 6652 events
[2819.2s] chunk 1830/3438 · block 81492295 · 744 wallets · 6659 events
[2821.9s] chunk 1833/3438 · block 81498295 · 744 wallets · 6661 events
[2825.0s] chunk 1836/3438 · block 81504295 · 744 wallets · 6664 events
[2828.2s] chunk 1839/3438 · block 81510295 · 744 wallets · 6669 events
[2831.3s] chunk 1842/3438 · block 81516295 · 744 wallets · 6670 events
[2834.3s] chunk 1845/3438 · block 81522295 · 744 wallets · 6671 events
[2838.1s] chunk 1848/3438 · block 81528295 · 745 wallets · 6674 events
[2842.2s] chunk 1851/3438 · block 81534295 · 745 wallets · 6685 events
[2846.4s] chunk 1854/3438 · block 81540295 · 745 wallets · 6688 events
[2852.2s] chunk 1857/3438 · block 81546295 · 745 wallets · 6693 events
[2856.1s] chunk 1860/3438 · block 81552295 · 745 wallets · 6695 events
[2858.5s] chunk 1863/3438 · block 81558295 · 745 wallets · 6697 events
[2861.3s] chunk 1866/3438 · block 81564295 · 745 wallets · 6698 events
[2863.4s] chunk 1869/3438 · block 81570295 · 745 wallets · 6698 events
[2866.6s] chunk 1872/3438 · block 81576295 · 746 wallets · 6699 events
[2869.4s] chunk 1875/3438 · block 81582295 · 746 wallets · 6699 events
[2871.7s] chunk 1878/3438 · block 81588295 · 746 wallets · 6699 events
[2874.8s] chunk 1881/3438 · block 81594295 · 746 wallets · 6699 events
[2877.9s] chunk 1884/3438 · block 81600295 · 746 wallets · 6701 events
[2880.7s] chunk 1887/3438 · block 81606295 · 746 wallets · 6703 events
[2883.5s] chunk 1890/3438 · block 81612295 · 746 wallets · 6704 events
[2886.1s] chunk 1893/3438 · block 81618295 · 746 wallets · 6704 events
[2888.9s] chunk 1896/3438 · block 81624295 · 746 wallets · 6704 events
[2891.6s] chunk 1899/3438 · block 81630295 · 746 wallets · 6705 events
[2894.9s] chunk 1902/3438 · block 81636295 · 746 wallets · 6708 events
[2898.8s] chunk 1905/3438 · block 81642295 · 746 wallets · 6712 events
[2902.5s] chunk 1908/3438 · block 81648295 · 746 wallets · 6712 events
[2905.1s] chunk 1911/3438 · block 81654295 · 746 wallets · 6713 events
[2908.0s] chunk 1914/3438 · block 81660295 · 746 wallets · 6715 events
[2911.7s] chunk 1917/3438 · block 81666295 · 746 wallets · 6716 events
[2914.0s] chunk 1920/3438 · block 81672295 · 746 wallets · 6717 events
[2916.4s] chunk 1923/3438 · block 81678295 · 746 wallets · 6719 events
[2919.1s] chunk 1926/3438 · block 81684295 · 746 wallets · 6723 events
[2922.4s] chunk 1929/3438 · block 81690295 · 746 wallets · 6723 events
[2925.2s] chunk 1932/3438 · block 81696295 · 746 wallets · 6725 events
[2928.4s] chunk 1935/3438 · block 81702295 · 746 wallets · 6725 events
[2931.7s] chunk 1938/3438 · block 81708295 · 746 wallets · 6726 events
[2934.8s] chunk 1941/3438 · block 81714295 · 746 wallets · 6726 events
[2937.2s] chunk 1944/3438 · block 81720295 · 746 wallets · 6726 events
[2939.8s] chunk 1947/3438 · block 81726295 · 746 wallets · 6726 events
[2942.2s] chunk 1950/3438 · block 81732295 · 746 wallets · 6727 events
[2944.1s] chunk 1953/3438 · block 81738295 · 746 wallets · 6727 events
[2946.7s] chunk 1956/3438 · block 81744295 · 746 wallets · 6727 events
[2949.5s] chunk 1959/3438 · block 81750295 · 746 wallets · 6728 events
[2952.1s] chunk 1962/3438 · block 81756295 · 746 wallets · 6728 events
[2955.0s] chunk 1965/3438 · block 81762295 · 746 wallets · 6731 events
[2957.7s] chunk 1968/3438 · block 81768295 · 746 wallets · 6731 events
[2960.8s] chunk 1971/3438 · block 81774295 · 746 wallets · 6732 events
[2963.7s] chunk 1974/3438 · block 81780295 · 746 wallets · 6735 events
[2966.1s] chunk 1977/3438 · block 81786295 · 746 wallets · 6736 events
[2969.6s] chunk 1980/3438 · block 81792295 · 746 wallets · 6738 events
[2972.4s] chunk 1983/3438 · block 81798295 · 747 wallets · 6741 events
[2975.4s] chunk 1986/3438 · block 81804295 · 747 wallets · 6741 events
[2977.5s] chunk 1989/3438 · block 81810295 · 747 wallets · 6741 events
[2980.4s] chunk 1992/3438 · block 81816295 · 747 wallets · 6741 events
[2982.9s] chunk 1995/3438 · block 81822295 · 747 wallets · 6743 events
[2985.6s] chunk 1998/3438 · block 81828295 · 748 wallets · 6749 events
[2988.8s] chunk 2001/3438 · block 81834295 · 748 wallets · 6750 events
[2991.3s] chunk 2004/3438 · block 81840295 · 748 wallets · 6752 events
[2994.2s] chunk 2007/3438 · block 81846295 · 748 wallets · 6753 events
[2997.3s] chunk 2010/3438 · block 81852295 · 748 wallets · 6756 events
[3000.0s] chunk 2013/3438 · block 81858295 · 748 wallets · 6759 events
[3004.7s] chunk 2016/3438 · block 81864295 · 748 wallets · 6760 events
[3006.7s] chunk 2019/3438 · block 81870295 · 748 wallets · 6760 events
[3010.6s] chunk 2022/3438 · block 81876295 · 748 wallets · 6760 events
[3014.1s] chunk 2025/3438 · block 81882295 · 748 wallets · 6763 events
[3016.5s] chunk 2028/3438 · block 81888295 · 748 wallets · 6764 events
[3018.7s] chunk 2031/3438 · block 81894295 · 748 wallets · 6765 events
[3021.6s] chunk 2034/3438 · block 81900295 · 748 wallets · 6765 events
[3024.4s] chunk 2037/3438 · block 81906295 · 748 wallets · 6765 events
[3027.7s] chunk 2040/3438 · block 81912295 · 748 wallets · 6765 events
[3033.6s] chunk 2043/3438 · block 81918295 · 748 wallets · 6769 events
[3037.2s] chunk 2046/3438 · block 81924295 · 748 wallets · 6770 events
[3039.6s] chunk 2049/3438 · block 81930295 · 748 wallets · 6770 events
[3043.4s] chunk 2052/3438 · block 81936295 · 748 wallets · 6778 events
[3047.3s] chunk 2055/3438 · block 81942295 · 748 wallets · 6788 events
[3052.3s] chunk 2058/3438 · block 81948295 · 748 wallets · 6809 events
[3055.7s] chunk 2061/3438 · block 81954295 · 748 wallets · 6822 events
[3058.6s] chunk 2064/3438 · block 81960295 · 748 wallets · 6826 events
[3062.0s] chunk 2067/3438 · block 81966295 · 748 wallets · 6828 events
[3064.8s] chunk 2070/3438 · block 81972295 · 748 wallets · 6832 events
[3067.8s] chunk 2073/3438 · block 81978295 · 748 wallets · 6833 events
[3071.0s] chunk 2076/3438 · block 81984295 · 748 wallets · 6835 events
[3074.9s] chunk 2079/3438 · block 81990295 · 748 wallets · 6835 events
[3077.6s] chunk 2082/3438 · block 81996295 · 748 wallets · 6836 events
[3079.7s] chunk 2085/3438 · block 82002295 · 748 wallets · 6836 events
[3082.2s] chunk 2088/3438 · block 82008295 · 748 wallets · 6836 events
[3084.4s] chunk 2091/3438 · block 82014295 · 748 wallets · 6836 events
[3088.6s] chunk 2094/3438 · block 82020295 · 748 wallets · 6839 events
[3092.9s] chunk 2097/3438 · block 82026295 · 748 wallets · 6840 events
[3095.6s] chunk 2100/3438 · block 82032295 · 749 wallets · 6844 events
[3100.6s] chunk 2103/3438 · block 82038295 · 749 wallets · 6847 events
[3104.2s] chunk 2106/3438 · block 82044295 · 749 wallets · 6862 events
[3107.4s] chunk 2109/3438 · block 82050295 · 749 wallets · 6864 events
[3110.2s] chunk 2112/3438 · block 82056295 · 749 wallets · 6869 events
[3112.4s] chunk 2115/3438 · block 82062295 · 749 wallets · 6869 events
[3115.0s] chunk 2118/3438 · block 82068295 · 749 wallets · 6869 events
[3118.2s] chunk 2121/3438 · block 82074295 · 749 wallets · 6869 events
[3122.6s] chunk 2124/3438 · block 82080295 · 749 wallets · 6883 events
[3126.1s] chunk 2127/3438 · block 82086295 · 749 wallets · 6884 events
[3129.5s] chunk 2130/3438 · block 82092295 · 749 wallets · 6884 events
[3133.7s] chunk 2133/3438 · block 82098295 · 749 wallets · 6887 events
[3137.2s] chunk 2136/3438 · block 82104295 · 749 wallets · 6889 events
[3140.2s] chunk 2139/3438 · block 82110295 · 749 wallets · 6889 events
[3142.7s] chunk 2142/3438 · block 82116295 · 749 wallets · 6889 events
[3145.9s] chunk 2145/3438 · block 82122295 · 749 wallets · 6889 events
[3149.0s] chunk 2148/3438 · block 82128295 · 749 wallets · 6889 events
[3152.6s] chunk 2151/3438 · block 82134295 · 749 wallets · 6889 events
[3155.3s] chunk 2154/3438 · block 82140295 · 749 wallets · 6890 events
[3158.7s] chunk 2157/3438 · block 82146295 · 749 wallets · 6891 events
[3161.6s] chunk 2160/3438 · block 82152295 · 749 wallets · 6891 events
[3165.4s] chunk 2163/3438 · block 82158295 · 749 wallets · 6891 events
[3169.4s] chunk 2166/3438 · block 82164295 · 749 wallets · 6893 events
[3171.6s] chunk 2169/3438 · block 82170295 · 749 wallets · 6893 events
[3174.2s] chunk 2172/3438 · block 82176295 · 749 wallets · 6893 events
[3177.1s] chunk 2175/3438 · block 82182295 · 749 wallets · 6893 events
[3180.4s] chunk 2178/3438 · block 82188295 · 749 wallets · 6896 events
[3182.9s] chunk 2181/3438 · block 82194295 · 749 wallets · 6898 events
[3185.7s] chunk 2184/3438 · block 82200295 · 749 wallets · 6898 events
[3189.1s] chunk 2187/3438 · block 82206295 · 749 wallets · 6898 events
[3192.8s] chunk 2190/3438 · block 82212295 · 749 wallets · 6898 events
[3195.4s] chunk 2193/3438 · block 82218295 · 749 wallets · 6898 events
[3199.8s] chunk 2196/3438 · block 82224295 · 749 wallets · 6898 events
[3204.6s] chunk 2199/3438 · block 82230295 · 749 wallets · 6903 events
[3207.6s] chunk 2202/3438 · block 82236295 · 749 wallets · 6903 events
[3211.9s] chunk 2205/3438 · block 82242295 · 749 wallets · 6904 events
[3216.8s] chunk 2208/3438 · block 82248295 · 749 wallets · 6905 events
[3220.6s] chunk 2211/3438 · block 82254295 · 749 wallets · 6905 events
[3226.4s] chunk 2214/3438 · block 82260295 · 749 wallets · 6905 events
[3229.3s] chunk 2217/3438 · block 82266295 · 749 wallets · 6905 events
[3236.6s] chunk 2220/3438 · block 82272295 · 749 wallets · 6929 events
[3240.0s] chunk 2223/3438 · block 82278295 · 749 wallets · 6934 events
[3244.0s] chunk 2226/3438 · block 82284295 · 749 wallets · 6938 events
[3246.4s] chunk 2229/3438 · block 82290295 · 749 wallets · 6938 events
[3248.5s] chunk 2232/3438 · block 82296295 · 749 wallets · 6938 events
[3251.6s] chunk 2235/3438 · block 82302295 · 749 wallets · 6941 events
[3254.1s] chunk 2238/3438 · block 82308295 · 749 wallets · 6942 events
[3258.3s] chunk 2241/3438 · block 82314295 · 749 wallets · 6947 events
[3262.3s] chunk 2244/3438 · block 82320295 · 749 wallets · 6947 events
[3265.7s] chunk 2247/3438 · block 82326295 · 749 wallets · 6953 events
[3268.6s] chunk 2250/3438 · block 82332295 · 749 wallets · 6954 events
[3271.8s] chunk 2253/3438 · block 82338295 · 749 wallets · 6956 events
[3274.5s] chunk 2256/3438 · block 82344295 · 749 wallets · 6961 events
[3277.5s] chunk 2259/3438 · block 82350295 · 749 wallets · 6962 events
[3280.0s] chunk 2262/3438 · block 82356295 · 749 wallets · 6970 events
[3281.9s] chunk 2265/3438 · block 82362295 · 749 wallets · 6972 events
[3288.5s] chunk 2268/3438 · block 82368295 · 749 wallets · 6972 events
[3292.6s] chunk 2271/3438 · block 82374295 · 749 wallets · 6973 events
[3295.6s] chunk 2274/3438 · block 82380295 · 749 wallets · 6973 events
[3299.3s] chunk 2277/3438 · block 82386295 · 749 wallets · 6973 events
[3302.5s] chunk 2280/3438 · block 82392295 · 750 wallets · 6976 events
[3305.7s] chunk 2283/3438 · block 82398295 · 750 wallets · 6978 events
[3308.3s] chunk 2286/3438 · block 82404295 · 750 wallets · 6981 events
[3311.2s] chunk 2289/3438 · block 82410295 · 750 wallets · 6981 events
[3314.6s] chunk 2292/3438 · block 82416295 · 750 wallets · 6981 events
[3318.7s] chunk 2295/3438 · block 82422295 · 750 wallets · 6982 events
[3323.6s] chunk 2298/3438 · block 82428295 · 751 wallets · 6983 events
[3326.6s] chunk 2301/3438 · block 82434295 · 751 wallets · 6983 events
[3329.4s] chunk 2304/3438 · block 82440295 · 751 wallets · 6983 events
[3332.2s] chunk 2307/3438 · block 82446295 · 751 wallets · 6983 events
[3334.4s] chunk 2310/3438 · block 82452295 · 751 wallets · 6984 events
[3336.9s] chunk 2313/3438 · block 82458295 · 751 wallets · 6985 events
[3339.2s] chunk 2316/3438 · block 82464295 · 751 wallets · 6985 events
[3341.9s] chunk 2319/3438 · block 82470295 · 751 wallets · 6985 events
[3344.3s] chunk 2322/3438 · block 82476295 · 751 wallets · 6985 events
[3347.3s] chunk 2325/3438 · block 82482295 · 751 wallets · 6985 events
[3350.0s] chunk 2328/3438 · block 82488295 · 751 wallets · 6988 events
[3353.0s] chunk 2331/3438 · block 82494295 · 751 wallets · 6989 events
[3356.1s] chunk 2334/3438 · block 82500295 · 751 wallets · 6990 events
[3358.4s] chunk 2337/3438 · block 82506295 · 751 wallets · 6990 events
[3361.0s] chunk 2340/3438 · block 82512295 · 751 wallets · 7004 events
[3363.9s] chunk 2343/3438 · block 82518295 · 751 wallets · 7010 events
[3366.4s] chunk 2346/3438 · block 82524295 · 751 wallets · 7011 events
[3370.0s] chunk 2349/3438 · block 82530295 · 751 wallets · 7011 events
[3375.5s] chunk 2352/3438 · block 82536295 · 751 wallets · 7011 events
[3380.6s] chunk 2355/3438 · block 82542295 · 751 wallets · 7011 events
[3384.7s] chunk 2358/3438 · block 82548295 · 751 wallets · 7011 events
[3387.1s] chunk 2361/3438 · block 82554295 · 751 wallets · 7012 events
[3390.4s] chunk 2364/3438 · block 82560295 · 751 wallets · 7013 events
[3393.0s] chunk 2367/3438 · block 82566295 · 751 wallets · 7013 events
[3396.1s] chunk 2370/3438 · block 82572295 · 751 wallets · 7013 events
[3398.5s] chunk 2373/3438 · block 82578295 · 751 wallets · 7013 events
[3402.1s] chunk 2376/3438 · block 82584295 · 751 wallets · 7014 events
[3404.4s] chunk 2379/3438 · block 82590295 · 751 wallets · 7014 events
[3406.6s] chunk 2382/3438 · block 82596295 · 751 wallets · 7014 events
[3409.6s] chunk 2385/3438 · block 82602295 · 751 wallets · 7021 events
[3411.6s] chunk 2388/3438 · block 82608295 · 751 wallets · 7021 events
[3414.9s] chunk 2391/3438 · block 82614295 · 751 wallets · 7023 events
[3417.6s] chunk 2394/3438 · block 82620295 · 751 wallets · 7023 events
[3419.7s] chunk 2397/3438 · block 82626295 · 751 wallets · 7023 events
[3422.2s] chunk 2400/3438 · block 82632295 · 751 wallets · 7023 events
[3429.0s] chunk 2403/3438 · block 82638295 · 751 wallets · 7025 events
[3431.0s] chunk 2406/3438 · block 82644295 · 751 wallets · 7025 events
[3434.2s] chunk 2409/3438 · block 82650295 · 751 wallets · 7025 events
[3437.6s] chunk 2412/3438 · block 82656295 · 751 wallets · 7025 events
[3440.5s] chunk 2415/3438 · block 82662295 · 751 wallets · 7025 events
[3443.4s] chunk 2418/3438 · block 82668295 · 751 wallets · 7025 events
[3445.9s] chunk 2421/3438 · block 82674295 · 751 wallets · 7025 events
[3448.5s] chunk 2424/3438 · block 82680295 · 751 wallets · 7032 events
[3451.6s] chunk 2427/3438 · block 82686295 · 751 wallets · 7035 events
[3454.1s] chunk 2430/3438 · block 82692295 · 751 wallets · 7035 events
[3456.6s] chunk 2433/3438 · block 82698295 · 751 wallets · 7035 events
[3458.7s] chunk 2436/3438 · block 82704295 · 751 wallets · 7035 events
[3460.9s] chunk 2439/3438 · block 82710295 · 751 wallets · 7035 events
[3463.8s] chunk 2442/3438 · block 82716295 · 751 wallets · 7038 events
[3467.2s] chunk 2445/3438 · block 82722295 · 751 wallets · 7038 events
[3469.6s] chunk 2448/3438 · block 82728295 · 751 wallets · 7039 events
[3471.6s] chunk 2451/3438 · block 82734295 · 751 wallets · 7039 events
[3474.4s] chunk 2454/3438 · block 82740295 · 751 wallets · 7039 events
[3477.0s] chunk 2457/3438 · block 82746295 · 751 wallets · 7042 events
[3480.1s] chunk 2460/3438 · block 82752295 · 751 wallets · 7042 events
[3483.5s] chunk 2463/3438 · block 82758295 · 751 wallets · 7043 events
[3486.4s] chunk 2466/3438 · block 82764295 · 751 wallets · 7043 events
[3490.1s] chunk 2469/3438 · block 82770295 · 752 wallets · 7046 events
[3494.7s] chunk 2472/3438 · block 82776295 · 753 wallets · 7744 events
[3498.4s] chunk 2475/3438 · block 82782295 · 753 wallets · 7748 events
[3501.0s] chunk 2478/3438 · block 82788295 · 753 wallets · 7750 events
[3504.1s] chunk 2481/3438 · block 82794295 · 753 wallets · 7754 events
[3506.3s] chunk 2484/3438 · block 82800295 · 753 wallets · 7758 events
[3510.2s] chunk 2487/3438 · block 82806295 · 753 wallets · 7762 events
[3514.8s] chunk 2490/3438 · block 82812295 · 753 wallets · 7762 events
[3517.5s] chunk 2493/3438 · block 82818295 · 753 wallets · 7762 events
[3519.6s] chunk 2496/3438 · block 82824295 · 753 wallets · 7762 events
[3521.9s] chunk 2499/3438 · block 82830295 · 753 wallets · 7762 events
[3525.1s] chunk 2502/3438 · block 82836295 · 753 wallets · 7763 events
[3527.6s] chunk 2505/3438 · block 82842295 · 753 wallets · 7767 events
[3530.8s] chunk 2508/3438 · block 82848295 · 753 wallets · 7772 events
[3533.8s] chunk 2511/3438 · block 82854295 · 753 wallets · 7774 events
[3537.1s] chunk 2514/3438 · block 82860295 · 753 wallets · 7778 events
[3539.8s] chunk 2517/3438 · block 82866295 · 753 wallets · 7778 events
[3543.6s] chunk 2520/3438 · block 82872295 · 753 wallets · 7779 events
[3546.0s] chunk 2523/3438 · block 82878295 · 753 wallets · 7780 events
[3548.7s] chunk 2526/3438 · block 82884295 · 753 wallets · 7781 events
[3550.9s] chunk 2529/3438 · block 82890295 · 753 wallets · 7781 events
[3553.7s] chunk 2532/3438 · block 82896295 · 753 wallets · 7781 events
[3556.9s] chunk 2535/3438 · block 82902295 · 753 wallets · 7781 events
[3560.4s] chunk 2538/3438 · block 82908295 · 753 wallets · 7781 events
[3563.2s] chunk 2541/3438 · block 82914295 · 753 wallets · 7781 events
[3566.0s] chunk 2544/3438 · block 82920295 · 753 wallets · 7781 events
[3569.3s] chunk 2547/3438 · block 82926295 · 753 wallets · 7781 events
[3573.2s] chunk 2550/3438 · block 82932295 · 753 wallets · 7826 events
[3578.1s] chunk 2553/3438 · block 82938295 · 753 wallets · 8174 events
[3581.6s] chunk 2556/3438 · block 82944295 · 753 wallets · 8175 events
[3585.8s] chunk 2559/3438 · block 82950295 · 754 wallets · 8187 events
[3589.7s] chunk 2562/3438 · block 82956295 · 754 wallets · 8187 events
[3592.6s] chunk 2565/3438 · block 82962295 · 754 wallets · 8192 events
[3595.5s] chunk 2568/3438 · block 82968295 · 754 wallets · 8192 events
[3599.5s] chunk 2571/3438 · block 82974295 · 754 wallets · 8192 events
[3603.0s] chunk 2574/3438 · block 82980295 · 754 wallets · 8196 events
[3607.8s] chunk 2577/3438 · block 82986295 · 754 wallets · 8204 events
[3611.5s] chunk 2580/3438 · block 82992295 · 754 wallets · 8204 events
[3614.2s] chunk 2583/3438 · block 82998295 · 754 wallets · 8204 events
[3617.5s] chunk 2586/3438 · block 83004295 · 754 wallets · 8208 events
[3620.8s] chunk 2589/3438 · block 83010295 · 754 wallets · 8218 events
[3624.7s] chunk 2592/3438 · block 83016295 · 754 wallets · 8227 events
[3628.4s] chunk 2595/3438 · block 83022295 · 754 wallets · 8234 events
[3630.7s] chunk 2598/3438 · block 83028295 · 754 wallets · 8236 events
[3635.2s] chunk 2601/3438 · block 83034295 · 755 wallets · 8239 events
[3640.5s] chunk 2604/3438 · block 83040295 · 755 wallets · 8244 events
[3643.9s] chunk 2607/3438 · block 83046295 · 755 wallets · 8245 events
[3646.5s] chunk 2610/3438 · block 83052295 · 755 wallets · 8245 events
[3649.2s] chunk 2613/3438 · block 83058295 · 755 wallets · 8245 events
[3652.2s] chunk 2616/3438 · block 83064295 · 755 wallets · 8245 events
[3654.7s] chunk 2619/3438 · block 83070295 · 755 wallets · 8245 events
[3658.7s] chunk 2622/3438 · block 83076295 · 755 wallets · 8245 events
[3662.8s] chunk 2625/3438 · block 83082295 · 755 wallets · 8264 events
[3665.3s] chunk 2628/3438 · block 83088295 · 755 wallets · 8264 events
[3668.1s] chunk 2631/3438 · block 83094295 · 755 wallets · 8265 events
[3671.1s] chunk 2634/3438 · block 83100295 · 755 wallets · 8265 events
[3674.6s] chunk 2637/3438 · block 83106295 · 755 wallets · 8265 events
[3678.7s] chunk 2640/3438 · block 83112295 · 755 wallets · 8267 events
[3683.0s] chunk 2643/3438 · block 83118295 · 755 wallets · 8267 events
[3686.7s] chunk 2646/3438 · block 83124295 · 755 wallets · 8267 events
[3689.8s] chunk 2649/3438 · block 83130295 · 755 wallets · 8267 events
[3695.6s] chunk 2652/3438 · block 83136295 · 755 wallets · 8268 events
[3699.7s] chunk 2655/3438 · block 83142295 · 755 wallets · 8268 events
[3704.4s] chunk 2658/3438 · block 83148295 · 755 wallets · 8268 events
[3707.3s] chunk 2661/3438 · block 83154295 · 755 wallets · 8268 events
[3711.9s] chunk 2664/3438 · block 83160295 · 755 wallets · 8268 events
[3714.2s] chunk 2667/3438 · block 83166295 · 755 wallets · 8269 events
[3719.6s] chunk 2670/3438 · block 83172295 · 755 wallets · 8269 events
[3729.2s] chunk 2673/3438 · block 83178295 · 755 wallets · 8269 events
[3733.2s] chunk 2676/3438 · block 83184295 · 755 wallets · 8269 events
[3738.2s] chunk 2679/3438 · block 83190295 · 755 wallets · 8269 events
[3745.2s] chunk 2682/3438 · block 83196295 · 755 wallets · 8269 events
[3748.6s] chunk 2685/3438 · block 83202295 · 755 wallets · 8281 events
[3751.7s] chunk 2688/3438 · block 83208295 · 755 wallets · 8281 events
[3754.3s] chunk 2691/3438 · block 83214295 · 755 wallets · 8281 events
[3757.0s] chunk 2694/3438 · block 83220295 · 755 wallets · 8281 events
[3759.1s] chunk 2697/3438 · block 83226295 · 755 wallets · 8281 events
[3761.3s] chunk 2700/3438 · block 83232295 · 755 wallets · 8282 events
[3765.2s] chunk 2703/3438 · block 83238295 · 755 wallets · 8283 events
[3768.7s] chunk 2706/3438 · block 83244295 · 755 wallets · 8283 events
[3771.4s] chunk 2709/3438 · block 83250295 · 755 wallets · 8283 events
[3775.6s] chunk 2712/3438 · block 83256295 · 755 wallets · 8283 events
[3780.7s] chunk 2715/3438 · block 83262295 · 755 wallets · 8283 events
[3784.8s] chunk 2718/3438 · block 83268295 · 755 wallets · 8283 events
[3788.5s] chunk 2721/3438 · block 83274295 · 756 wallets · 8284 events
[3792.7s] chunk 2724/3438 · block 83280295 · 756 wallets · 8285 events
[3795.7s] chunk 2727/3438 · block 83286295 · 756 wallets · 8285 events
[3799.3s] chunk 2730/3438 · block 83292295 · 756 wallets · 8286 events
[3804.1s] chunk 2733/3438 · block 83298295 · 756 wallets · 8286 events
[3810.0s] chunk 2736/3438 · block 83304295 · 757 wallets · 8297 events
[3813.4s] chunk 2739/3438 · block 83310295 · 757 wallets · 8297 events
[3816.1s] chunk 2742/3438 · block 83316295 · 757 wallets · 8297 events
[3818.9s] chunk 2745/3438 · block 83322295 · 757 wallets · 8297 events
[3821.7s] chunk 2748/3438 · block 83328295 · 757 wallets · 8299 events
[3824.1s] chunk 2751/3438 · block 83334295 · 757 wallets · 8299 events
[3826.4s] chunk 2754/3438 · block 83340295 · 757 wallets · 8299 events
[3829.5s] chunk 2757/3438 · block 83346295 · 757 wallets · 8300 events
[3832.8s] chunk 2760/3438 · block 83352295 · 757 wallets · 8303 events
[3835.5s] chunk 2763/3438 · block 83358295 · 757 wallets · 8303 events
[3838.4s] chunk 2766/3438 · block 83364295 · 757 wallets · 8303 events
[3841.1s] chunk 2769/3438 · block 83370295 · 757 wallets · 8303 events
[3844.1s] chunk 2772/3438 · block 83376295 · 757 wallets · 8304 events
[3847.0s] chunk 2775/3438 · block 83382295 · 757 wallets · 8304 events
[3850.3s] chunk 2778/3438 · block 83388295 · 757 wallets · 8305 events
[3854.1s] chunk 2781/3438 · block 83394295 · 757 wallets · 8306 events
[3857.8s] chunk 2784/3438 · block 83400295 · 757 wallets · 8306 events
[3860.0s] chunk 2787/3438 · block 83406295 · 757 wallets · 8306 events
[3862.6s] chunk 2790/3438 · block 83412295 · 757 wallets · 8307 events
[3865.4s] chunk 2793/3438 · block 83418295 · 757 wallets · 8307 events
[3867.7s] chunk 2796/3438 · block 83424295 · 757 wallets · 8309 events
[3870.4s] chunk 2799/3438 · block 83430295 · 757 wallets · 8309 events
[3873.1s] chunk 2802/3438 · block 83436295 · 757 wallets · 8309 events
[3876.7s] chunk 2805/3438 · block 83442295 · 757 wallets · 8309 events
[3879.9s] chunk 2808/3438 · block 83448295 · 757 wallets · 8314 events
[3883.5s] chunk 2811/3438 · block 83454295 · 757 wallets · 8314 events
[3887.0s] chunk 2814/3438 · block 83460295 · 757 wallets · 8314 events
[3890.7s] chunk 2817/3438 · block 83466295 · 757 wallets · 8314 events
[3895.0s] chunk 2820/3438 · block 83472295 · 757 wallets · 8314 events
[3900.5s] chunk 2823/3438 · block 83478295 · 757 wallets · 8314 events
[3904.5s] chunk 2826/3438 · block 83484295 · 757 wallets · 8314 events
[3908.6s] chunk 2829/3438 · block 83490295 · 757 wallets · 8314 events
[3913.3s] chunk 2832/3438 · block 83496295 · 757 wallets · 8314 events
[3917.0s] chunk 2835/3438 · block 83502295 · 757 wallets · 8314 events
[3920.6s] chunk 2838/3438 · block 83508295 · 757 wallets · 8314 events
[3925.0s] chunk 2841/3438 · block 83514295 · 757 wallets · 8315 events
[3930.0s] chunk 2844/3438 · block 83520295 · 757 wallets · 8315 events
[3933.9s] chunk 2847/3438 · block 83526295 · 757 wallets · 8315 events
[3938.0s] chunk 2850/3438 · block 83532295 · 757 wallets · 8315 events
[3942.8s] chunk 2853/3438 · block 83538295 · 757 wallets · 8315 events
[3948.6s] chunk 2856/3438 · block 83544295 · 757 wallets · 8315 events
[3952.2s] chunk 2859/3438 · block 83550295 · 757 wallets · 8316 events
[3955.5s] chunk 2862/3438 · block 83556295 · 757 wallets · 8316 events
[3957.9s] chunk 2865/3438 · block 83562295 · 757 wallets · 8316 events
[3959.9s] chunk 2868/3438 · block 83568295 · 757 wallets · 8316 events
[3962.5s] chunk 2871/3438 · block 83574295 · 757 wallets · 8316 events
[3965.3s] chunk 2874/3438 · block 83580295 · 757 wallets · 8316 events
[3967.7s] chunk 2877/3438 · block 83586295 · 757 wallets · 8316 events
[3970.1s] chunk 2880/3438 · block 83592295 · 757 wallets · 8316 events
[3972.7s] chunk 2883/3438 · block 83598295 · 757 wallets · 8317 events
[3975.2s] chunk 2886/3438 · block 83604295 · 757 wallets · 8317 events
[3977.5s] chunk 2889/3438 · block 83610295 · 757 wallets · 8318 events
[3980.3s] chunk 2892/3438 · block 83616295 · 757 wallets · 8318 events
[3982.8s] chunk 2895/3438 · block 83622295 · 757 wallets · 8318 events
[3985.4s] chunk 2898/3438 · block 83628295 · 757 wallets · 8318 events
[3987.3s] chunk 2901/3438 · block 83634295 · 757 wallets · 8318 events
[3990.8s] chunk 2904/3438 · block 83640295 · 757 wallets · 8318 events
[3993.6s] chunk 2907/3438 · block 83646295 · 757 wallets · 8318 events
[3995.6s] chunk 2910/3438 · block 83652295 · 757 wallets · 8318 events
[3997.8s] chunk 2913/3438 · block 83658295 · 757 wallets · 8318 events
[4000.0s] chunk 2916/3438 · block 83664295 · 757 wallets · 8318 events
[4003.1s] chunk 2919/3438 · block 83670295 · 757 wallets · 8318 events
[4005.3s] chunk 2922/3438 · block 83676295 · 757 wallets · 8318 events
[4008.0s] chunk 2925/3438 · block 83682295 · 757 wallets · 8318 events
[4010.1s] chunk 2928/3438 · block 83688295 · 757 wallets · 8318 events
[4012.5s] chunk 2931/3438 · block 83694295 · 757 wallets · 8318 events
[4015.5s] chunk 2934/3438 · block 83700295 · 757 wallets · 8318 events
[4018.4s] chunk 2937/3438 · block 83706295 · 757 wallets · 8321 events
[4021.2s] chunk 2940/3438 · block 83712295 · 757 wallets · 8321 events
[4023.6s] chunk 2943/3438 · block 83718295 · 757 wallets · 8321 events
[4026.0s] chunk 2946/3438 · block 83724295 · 757 wallets · 8321 events
[4028.1s] chunk 2949/3438 · block 83730295 · 757 wallets · 8321 events
[4030.6s] chunk 2952/3438 · block 83736295 · 757 wallets · 8321 events
[4033.1s] chunk 2955/3438 · block 83742295 · 757 wallets · 8321 events
[4036.0s] chunk 2958/3438 · block 83748295 · 757 wallets · 8321 events
[4038.8s] chunk 2961/3438 · block 83754295 · 757 wallets · 8321 events
[4040.9s] chunk 2964/3438 · block 83760295 · 757 wallets · 8321 events
[4043.4s] chunk 2967/3438 · block 83766295 · 757 wallets · 8321 events
[4045.6s] chunk 2970/3438 · block 83772295 · 757 wallets · 8322 events
[4048.2s] chunk 2973/3438 · block 83778295 · 757 wallets · 8323 events
[4050.4s] chunk 2976/3438 · block 83784295 · 757 wallets · 8323 events
[4054.4s] chunk 2979/3438 · block 83790295 · 757 wallets · 8323 events
[4058.0s] chunk 2982/3438 · block 83796295 · 757 wallets · 8323 events
[4061.1s] chunk 2985/3438 · block 83802295 · 757 wallets · 8323 events
[4066.1s] chunk 2988/3438 · block 83808295 · 757 wallets · 8329 events
[4070.9s] chunk 2991/3438 · block 83814295 · 758 wallets · 8416 events
[4075.4s] chunk 2994/3438 · block 83820295 · 758 wallets · 8425 events
[4079.4s] chunk 2997/3438 · block 83826295 · 761 wallets · 8440 events
[4084.5s] chunk 3000/3438 · block 83832295 · 761 wallets · 8440 events
[4088.0s] chunk 3003/3438 · block 83838295 · 761 wallets · 8440 events
[4091.8s] chunk 3006/3438 · block 83844295 · 761 wallets · 8440 events
[4096.0s] chunk 3009/3438 · block 83850295 · 761 wallets · 8440 events
[4101.8s] chunk 3012/3438 · block 83856295 · 761 wallets · 8441 events
[4106.3s] chunk 3015/3438 · block 83862295 · 761 wallets · 8443 events
[4111.4s] chunk 3018/3438 · block 83868295 · 761 wallets · 8443 events
[4115.5s] chunk 3021/3438 · block 83874295 · 761 wallets · 8443 events
[4120.8s] chunk 3024/3438 · block 83880295 · 761 wallets · 8444 events
[4126.2s] chunk 3027/3438 · block 83886295 · 761 wallets · 8445 events
[4131.9s] chunk 3030/3438 · block 83892295 · 761 wallets · 8445 events
[4137.2s] chunk 3033/3438 · block 83898295 · 761 wallets · 8446 events
[4142.9s] chunk 3036/3438 · block 83904295 · 761 wallets · 8446 events
[4148.4s] chunk 3039/3438 · block 83910295 · 761 wallets · 8446 events
[4151.8s] chunk 3042/3438 · block 83916295 · 761 wallets · 8447 events
[4154.8s] chunk 3045/3438 · block 83922295 · 761 wallets · 8448 events
[4157.5s] chunk 3048/3438 · block 83928295 · 761 wallets · 8449 events
[4160.7s] chunk 3051/3438 · block 83934295 · 761 wallets · 8451 events
[4162.9s] chunk 3054/3438 · block 83940295 · 761 wallets · 8451 events
[4166.1s] chunk 3057/3438 · block 83946295 · 761 wallets · 8451 events
[4168.5s] chunk 3060/3438 · block 83952295 · 761 wallets · 8452 events
[4171.8s] chunk 3063/3438 · block 83958295 · 761 wallets · 8452 events
[4174.1s] chunk 3066/3438 · block 83964295 · 761 wallets · 8452 events
[4176.5s] chunk 3069/3438 · block 83970295 · 761 wallets · 8452 events
[4178.6s] chunk 3072/3438 · block 83976295 · 761 wallets · 8452 events
[4181.5s] chunk 3075/3438 · block 83982295 · 761 wallets · 8453 events
[4183.6s] chunk 3078/3438 · block 83988295 · 761 wallets · 8453 events
[4186.5s] chunk 3081/3438 · block 83994295 · 761 wallets · 8453 events
[4189.3s] chunk 3084/3438 · block 84000295 · 761 wallets · 8453 events
[4192.2s] chunk 3087/3438 · block 84006295 · 761 wallets · 8453 events
[4194.8s] chunk 3090/3438 · block 84012295 · 761 wallets · 8453 events
[4197.4s] chunk 3093/3438 · block 84018295 · 761 wallets · 8453 events
[4200.5s] chunk 3096/3438 · block 84024295 · 761 wallets · 8453 events
[4203.0s] chunk 3099/3438 · block 84030295 · 761 wallets · 8453 events
[4205.9s] chunk 3102/3438 · block 84036295 · 761 wallets · 8454 events
[4209.5s] chunk 3105/3438 · block 84042295 · 761 wallets · 8533 events
[4212.5s] chunk 3108/3438 · block 84048295 · 761 wallets · 8544 events
[4215.2s] chunk 3111/3438 · block 84054295 · 761 wallets · 8546 events
[4217.6s] chunk 3114/3438 · block 84060295 · 761 wallets · 8546 events
[4220.0s] chunk 3117/3438 · block 84066295 · 761 wallets · 8546 events
[4222.8s] chunk 3120/3438 · block 84072295 · 761 wallets · 8546 events
[4226.6s] chunk 3123/3438 · block 84078295 · 761 wallets · 8548 events
[4228.9s] chunk 3126/3438 · block 84084295 · 761 wallets · 8548 events
[4231.8s] chunk 3129/3438 · block 84090295 · 761 wallets · 8548 events
[4233.7s] chunk 3132/3438 · block 84096295 · 761 wallets · 8548 events
[4236.6s] chunk 3135/3438 · block 84102295 · 761 wallets · 8550 events
[4238.8s] chunk 3138/3438 · block 84108295 · 761 wallets · 8551 events
[4241.5s] chunk 3141/3438 · block 84114295 · 761 wallets · 8553 events
[4244.7s] chunk 3144/3438 · block 84120295 · 761 wallets · 8626 events
[4247.7s] chunk 3147/3438 · block 84126295 · 761 wallets · 8629 events
[4250.1s] chunk 3150/3438 · block 84132295 · 761 wallets · 8634 events
[4252.1s] chunk 3153/3438 · block 84138295 · 761 wallets · 8634 events
[4255.0s] chunk 3156/3438 · block 84144295 · 761 wallets · 8635 events
[4258.2s] chunk 3159/3438 · block 84150295 · 761 wallets · 8635 events
[4260.8s] chunk 3162/3438 · block 84156295 · 761 wallets · 8635 events
[4264.4s] chunk 3165/3438 · block 84162295 · 761 wallets · 8635 events
[4266.7s] chunk 3168/3438 · block 84168295 · 761 wallets · 8635 events
[4269.1s] chunk 3171/3438 · block 84174295 · 761 wallets · 8636 events
[4271.5s] chunk 3174/3438 · block 84180295 · 761 wallets · 8639 events
[4274.5s] chunk 3177/3438 · block 84186295 · 761 wallets · 8639 events
[4277.1s] chunk 3180/3438 · block 84192295 · 761 wallets · 8639 events
[4280.3s] chunk 3183/3438 · block 84198295 · 761 wallets · 8640 events
[4283.1s] chunk 3186/3438 · block 84204295 · 761 wallets · 8640 events
[4286.6s] chunk 3189/3438 · block 84210295 · 761 wallets · 8640 events
[4288.9s] chunk 3192/3438 · block 84216295 · 761 wallets · 8640 events
[4292.0s] chunk 3195/3438 · block 84222295 · 761 wallets · 8640 events
[4294.7s] chunk 3198/3438 · block 84228295 · 761 wallets · 8640 events
[4297.5s] chunk 3201/3438 · block 84234295 · 761 wallets · 8640 events
[4300.8s] chunk 3204/3438 · block 84240295 · 761 wallets · 8640 events
[4302.9s] chunk 3207/3438 · block 84246295 · 761 wallets · 8640 events
[4305.1s] chunk 3210/3438 · block 84252295 · 761 wallets · 8640 events
[4308.7s] chunk 3213/3438 · block 84258295 · 761 wallets · 8642 events
[4311.3s] chunk 3216/3438 · block 84264295 · 761 wallets · 8642 events
[4313.6s] chunk 3219/3438 · block 84270295 · 761 wallets · 8643 events
[4316.7s] chunk 3222/3438 · block 84276295 · 761 wallets · 8643 events
[4319.5s] chunk 3225/3438 · block 84282295 · 761 wallets · 8643 events
[4321.6s] chunk 3228/3438 · block 84288295 · 761 wallets · 8643 events
[4324.0s] chunk 3231/3438 · block 84294295 · 761 wallets · 8643 events
[4327.4s] chunk 3234/3438 · block 84300295 · 761 wallets · 8643 events
[4329.9s] chunk 3237/3438 · block 84306295 · 761 wallets · 8643 events
[4332.8s] chunk 3240/3438 · block 84312295 · 761 wallets · 8643 events
[4335.4s] chunk 3243/3438 · block 84318295 · 761 wallets · 8643 events
[4338.5s] chunk 3246/3438 · block 84324295 · 761 wallets · 8643 events
[4341.0s] chunk 3249/3438 · block 84330295 · 761 wallets · 8643 events
[4344.5s] chunk 3252/3438 · block 84336295 · 761 wallets · 8643 events
[4347.6s] chunk 3255/3438 · block 84342295 · 761 wallets · 8645 events
[4350.2s] chunk 3258/3438 · block 84348295 · 761 wallets · 8645 events
[4353.2s] chunk 3261/3438 · block 84354295 · 761 wallets · 8645 events
[4355.9s] chunk 3264/3438 · block 84360295 · 761 wallets · 8645 events
[4358.7s] chunk 3267/3438 · block 84366295 · 761 wallets · 8645 events
[4361.2s] chunk 3270/3438 · block 84372295 · 761 wallets · 8645 events
[4364.0s] chunk 3273/3438 · block 84378295 · 761 wallets · 8645 events
[4367.3s] chunk 3276/3438 · block 84384295 · 761 wallets · 8646 events
[4369.8s] chunk 3279/3438 · block 84390295 · 761 wallets · 8646 events
[4372.2s] chunk 3282/3438 · block 84396295 · 761 wallets · 8646 events
[4374.6s] chunk 3285/3438 · block 84402295 · 761 wallets · 8646 events
[4376.7s] chunk 3288/3438 · block 84408295 · 761 wallets · 8646 events
[4379.4s] chunk 3291/3438 · block 84414295 · 761 wallets · 8646 events
[4382.8s] chunk 3294/3438 · block 84420295 · 761 wallets · 8648 events
[4385.7s] chunk 3297/3438 · block 84426295 · 761 wallets · 8648 events
[4388.8s] chunk 3300/3438 · block 84432295 · 761 wallets · 8648 events
[4392.0s] chunk 3303/3438 · block 84438295 · 761 wallets · 8648 events
[4394.8s] chunk 3306/3438 · block 84444295 · 761 wallets · 8648 events
[4399.0s] chunk 3309/3438 · block 84450295 · 761 wallets · 8648 events
[4401.3s] chunk 3312/3438 · block 84456295 · 761 wallets · 8648 events
[4403.5s] chunk 3315/3438 · block 84462295 · 761 wallets · 8648 events
[4405.7s] chunk 3318/3438 · block 84468295 · 761 wallets · 8648 events
[4408.4s] chunk 3321/3438 · block 84474295 · 761 wallets · 8648 events
[4411.2s] chunk 3324/3438 · block 84480295 · 761 wallets · 8648 events
[4414.5s] chunk 3327/3438 · block 84486295 · 761 wallets · 8648 events
[4417.7s] chunk 3330/3438 · block 84492295 · 761 wallets · 8648 events
[4419.8s] chunk 3333/3438 · block 84498295 · 761 wallets · 8648 events
[4422.0s] chunk 3336/3438 · block 84504295 · 761 wallets · 8648 events
[4424.6s] chunk 3339/3438 · block 84510295 · 761 wallets · 8651 events
[4427.8s] chunk 3342/3438 · block 84516295 · 761 wallets · 8659 events
[4431.4s] chunk 3345/3438 · block 84522295 · 761 wallets · 8709 events
[4435.4s] chunk 3348/3438 · block 84528295 · 761 wallets · 8726 events
[4438.3s] chunk 3351/3438 · block 84534295 · 761 wallets · 8726 events
[4441.5s] chunk 3354/3438 · block 84540295 · 761 wallets · 8733 events
[4444.6s] chunk 3357/3438 · block 84546295 · 761 wallets · 8740 events
[4447.5s] chunk 3360/3438 · block 84552295 · 761 wallets · 8764 events
[4450.3s] chunk 3363/3438 · block 84558295 · 761 wallets · 8772 events
[4454.0s] chunk 3366/3438 · block 84564295 · 761 wallets · 8789 events
[4456.9s] chunk 3369/3438 · block 84570295 · 761 wallets · 8789 events
[4460.8s] chunk 3372/3438 · block 84576295 · 761 wallets · 8789 events
[4463.7s] chunk 3375/3438 · block 84582295 · 761 wallets · 8790 events
[4470.0s] chunk 3378/3438 · block 84588295 · 761 wallets · 8791 events
[4473.4s] chunk 3381/3438 · block 84594295 · 761 wallets · 8795 events
[4476.3s] chunk 3384/3438 · block 84600295 · 761 wallets · 8803 events
[4479.8s] chunk 3387/3438 · block 84606295 · 761 wallets · 8803 events
[4483.3s] chunk 3390/3438 · block 84612295 · 761 wallets · 8803 events
[4486.0s] chunk 3393/3438 · block 84618295 · 761 wallets · 8803 events
[4490.9s] chunk 3396/3438 · block 84624295 · 761 wallets · 8803 events
[4494.2s] chunk 3399/3438 · block 84630295 · 761 wallets · 8805 events
[4497.4s] chunk 3402/3438 · block 84636295 · 761 wallets · 8805 events
[4499.9s] chunk 3405/3438 · block 84642295 · 761 wallets · 8805 events
[4503.2s] chunk 3408/3438 · block 84648295 · 761 wallets · 8806 events
[4509.9s] chunk 3411/3438 · block 84654295 · 761 wallets · 8810 events
[4512.3s] chunk 3414/3438 · block 84660295 · 761 wallets · 8810 events
[4516.2s] chunk 3417/3438 · block 84666295 · 761 wallets · 8812 events
[4518.9s] chunk 3420/3438 · block 84672295 · 761 wallets · 8821 events
[4521.3s] chunk 3423/3438 · block 84678295 · 761 wallets · 8830 events
[4523.6s] chunk 3426/3438 · block 84684295 · 761 wallets · 8830 events
[4527.4s] chunk 3429/3438 · block 84690295 · 761 wallets · 8832 events
[4529.8s] chunk 3432/3438 · block 84696295 · 761 wallets · 8832 events
[4532.2s] chunk 3435/3438 · block 84702295 · 761 wallets · 8832 events
[4535.7s] chunk 3438/3438 · block 84707440 · 761 wallets · 8833 events
[4840.9s] event scan complete; now reading per-wallet contract state for 768 wallets
[4846.0s] reads 12/768 (2%)
[4850.4s] reads 72/768 (9%)
[4853.4s] reads 132/768 (17%)
[4856.0s] reads 192/768 (25%)
[4858.6s] reads 252/768 (33%)
[4861.4s] reads 312/768 (41%)
[4866.2s] reads 372/768 (48%)
[4869.5s] reads 432/768 (56%)
[4872.3s] reads 492/768 (64%)
[4875.4s] reads 552/768 (72%)
[4878.6s] reads 612/768 (80%)
[4881.3s] reads 672/768 (88%)
[4884.2s] reads 732/768 (95%)

════════════════════════════════════════════════════════════════
SCAN COMPLETE in 4886s
  Total wallets: 768
  Realized profit: 98  (12.8%)
  Paper profit:    29  (3.8%)
  Underwater:      619  (80.6%)
════════════════════════════════════════════════════════════════

Outputs:
  data/profitability-cohorts.json
  data/wallet-pnl.json
  data/scan-checkpoint.json
